-------------------------------------------------------------------------------
Test set: org.apache.hadoop.hbase.regionserver.TestKeepDeletes
-------------------------------------------------------------------------------
Tests run: 11, Failures: 0, Errors: 10, Skipped: 0, Time elapsed: 131.364 sec <<< FAILURE!
testBasicScenario(org.apache.hadoop.hbase.regionserver.TestKeepDeletes)  Time elapsed: 0.001 sec  <<< ERROR!
java.lang.NullPointerException
	at org.apache.hadoop.hbase.trigger.LocalTriggerManage.containsTrigger(LocalTriggerManage.java:39)
	at org.apache.hadoop.hbase.regionserver.wal.WALDetection.checkDispatch(WALDetection.java:27)
	at org.apache.hadoop.hbase.regionserver.wal.FSHLog.doWrite(FSHLog.java:1220)
	at org.apache.hadoop.hbase.regionserver.wal.FSHLog.append(FSHLog.java:915)
	at org.apache.hadoop.hbase.regionserver.wal.FSHLog.appendNoSync(FSHLog.java:937)
	at org.apache.hadoop.hbase.regionserver.HRegion.doMiniBatchMutation(HRegion.java:2261)
	at org.apache.hadoop.hbase.regionserver.HRegion.batchMutate(HRegion.java:2010)
	at org.apache.hadoop.hbase.regionserver.HRegion.doBatchMutate(HRegion.java:2465)
	at org.apache.hadoop.hbase.regionserver.HRegion.put(HRegion.java:1935)
	at org.apache.hadoop.hbase.regionserver.HRegion.put(HRegion.java:1883)
	at org.apache.hadoop.hbase.regionserver.TestKeepDeletes.testBasicScenario(TestKeepDeletes.java:61)
	at sun.reflect.NativeMethodAccessorImpl.invoke0(Native Method)
	at sun.reflect.NativeMethodAccessorImpl.invoke(NativeMethodAccessorImpl.java:39)
	at sun.reflect.DelegatingMethodAccessorImpl.invoke(DelegatingMethodAccessorImpl.java:25)
	at java.lang.reflect.Method.invoke(Method.java:597)
	at junit.framework.TestCase.runTest(TestCase.java:168)
	at junit.framework.TestCase.runBare(TestCase.java:134)
	at junit.framework.TestResult$1.protect(TestResult.java:110)
	at junit.framework.TestResult.runProtected(TestResult.java:128)
	at junit.framework.TestResult.run(TestResult.java:113)
	at junit.framework.TestCase.run(TestCase.java:124)
	at junit.framework.TestSuite.runTest(TestSuite.java:243)
	at junit.framework.TestSuite.run(TestSuite.java:238)
	at org.junit.internal.runners.JUnit38ClassRunner.run(JUnit38ClassRunner.java:83)
	at org.junit.runners.Suite.runChild(Suite.java:128)
	at org.junit.runners.Suite.runChild(Suite.java:24)
	at org.junit.runners.ParentRunner$3.run(ParentRunner.java:231)
	at java.util.concurrent.Executors$RunnableAdapter.call(Executors.java:439)
	at java.util.concurrent.FutureTask$Sync.innerRun(FutureTask.java:303)
	at java.util.concurrent.FutureTask.run(FutureTask.java:138)
	at java.util.concurrent.ThreadPoolExecutor$Worker.runTask(ThreadPoolExecutor.java:886)
	at java.util.concurrent.ThreadPoolExecutor$Worker.run(ThreadPoolExecutor.java:908)
	at java.lang.Thread.run(Thread.java:680)
testRawScanWithoutKeepingDeletes(org.apache.hadoop.hbase.regionserver.TestKeepDeletes)  Time elapsed: 0 sec  <<< ERROR!
java.lang.NullPointerException
	at org.apache.hadoop.hbase.trigger.LocalTriggerManage.containsTrigger(LocalTriggerManage.java:39)
	at org.apache.hadoop.hbase.regionserver.wal.WALDetection.checkDispatch(WALDetection.java:27)
	at org.apache.hadoop.hbase.regionserver.wal.FSHLog.doWrite(FSHLog.java:1220)
	at org.apache.hadoop.hbase.regionserver.wal.FSHLog.append(FSHLog.java:915)
	at org.apache.hadoop.hbase.regionserver.wal.FSHLog.appendNoSync(FSHLog.java:937)
	at org.apache.hadoop.hbase.regionserver.HRegion.doMiniBatchMutation(HRegion.java:2261)
	at org.apache.hadoop.hbase.regionserver.HRegion.batchMutate(HRegion.java:2010)
	at org.apache.hadoop.hbase.regionserver.HRegion.doBatchMutate(HRegion.java:2465)
	at org.apache.hadoop.hbase.regionserver.HRegion.put(HRegion.java:1935)
	at org.apache.hadoop.hbase.regionserver.HRegion.put(HRegion.java:1883)
	at org.apache.hadoop.hbase.regionserver.TestKeepDeletes.testRawScanWithoutKeepingDeletes(TestKeepDeletes.java:157)
	at sun.reflect.NativeMethodAccessorImpl.invoke0(Native Method)
	at sun.reflect.NativeMethodAccessorImpl.invoke(NativeMethodAccessorImpl.java:39)
	at sun.reflect.DelegatingMethodAccessorImpl.invoke(DelegatingMethodAccessorImpl.java:25)
	at java.lang.reflect.Method.invoke(Method.java:597)
	at junit.framework.TestCase.runTest(TestCase.java:168)
	at junit.framework.TestCase.runBare(TestCase.java:134)
	at junit.framework.TestResult$1.protect(TestResult.java:110)
	at junit.framework.TestResult.runProtected(TestResult.java:128)
	at junit.framework.TestResult.run(TestResult.java:113)
	at junit.framework.TestCase.run(TestCase.java:124)
	at junit.framework.TestSuite.runTest(TestSuite.java:243)
	at junit.framework.TestSuite.run(TestSuite.java:238)
	at org.junit.internal.runners.JUnit38ClassRunner.run(JUnit38ClassRunner.java:83)
	at org.junit.runners.Suite.runChild(Suite.java:128)
	at org.junit.runners.Suite.runChild(Suite.java:24)
	at org.junit.runners.ParentRunner$3.run(ParentRunner.java:231)
	at java.util.concurrent.Executors$RunnableAdapter.call(Executors.java:439)
	at java.util.concurrent.FutureTask$Sync.innerRun(FutureTask.java:303)
	at java.util.concurrent.FutureTask.run(FutureTask.java:138)
	at java.util.concurrent.ThreadPoolExecutor$Worker.runTask(ThreadPoolExecutor.java:886)
	at java.util.concurrent.ThreadPoolExecutor$Worker.run(ThreadPoolExecutor.java:908)
	at java.lang.Thread.run(Thread.java:680)
testWithoutKeepingDeletes(org.apache.hadoop.hbase.regionserver.TestKeepDeletes)  Time elapsed: 0.001 sec  <<< ERROR!
java.lang.NullPointerException
	at org.apache.hadoop.hbase.trigger.LocalTriggerManage.containsTrigger(LocalTriggerManage.java:39)
	at org.apache.hadoop.hbase.regionserver.wal.WALDetection.checkDispatch(WALDetection.java:27)
	at org.apache.hadoop.hbase.regionserver.wal.FSHLog.doWrite(FSHLog.java:1220)
	at org.apache.hadoop.hbase.regionserver.wal.FSHLog.append(FSHLog.java:915)
	at org.apache.hadoop.hbase.regionserver.wal.FSHLog.appendNoSync(FSHLog.java:937)
	at org.apache.hadoop.hbase.regionserver.HRegion.doMiniBatchMutation(HRegion.java:2261)
	at org.apache.hadoop.hbase.regionserver.HRegion.batchMutate(HRegion.java:2010)
	at org.apache.hadoop.hbase.regionserver.HRegion.doBatchMutate(HRegion.java:2465)
	at org.apache.hadoop.hbase.regionserver.HRegion.put(HRegion.java:1935)
	at org.apache.hadoop.hbase.regionserver.HRegion.put(HRegion.java:1883)
	at org.apache.hadoop.hbase.regionserver.TestKeepDeletes.testWithoutKeepingDeletes(TestKeepDeletes.java:201)
	at sun.reflect.NativeMethodAccessorImpl.invoke0(Native Method)
	at sun.reflect.NativeMethodAccessorImpl.invoke(NativeMethodAccessorImpl.java:39)
	at sun.reflect.DelegatingMethodAccessorImpl.invoke(DelegatingMethodAccessorImpl.java:25)
	at java.lang.reflect.Method.invoke(Method.java:597)
	at junit.framework.TestCase.runTest(TestCase.java:168)
	at junit.framework.TestCase.runBare(TestCase.java:134)
	at junit.framework.TestResult$1.protect(TestResult.java:110)
	at junit.framework.TestResult.runProtected(TestResult.java:128)
	at junit.framework.TestResult.run(TestResult.java:113)
	at junit.framework.TestCase.run(TestCase.java:124)
	at junit.framework.TestSuite.runTest(TestSuite.java:243)
	at junit.framework.TestSuite.run(TestSuite.java:238)
	at org.junit.internal.runners.JUnit38ClassRunner.run(JUnit38ClassRunner.java:83)
	at org.junit.runners.Suite.runChild(Suite.java:128)
	at org.junit.runners.Suite.runChild(Suite.java:24)
	at org.junit.runners.ParentRunner$3.run(ParentRunner.java:231)
	at java.util.concurrent.Executors$RunnableAdapter.call(Executors.java:439)
	at java.util.concurrent.FutureTask$Sync.innerRun(FutureTask.java:303)
	at java.util.concurrent.FutureTask.run(FutureTask.java:138)
	at java.util.concurrent.ThreadPoolExecutor$Worker.runTask(ThreadPoolExecutor.java:886)
	at java.util.concurrent.ThreadPoolExecutor$Worker.run(ThreadPoolExecutor.java:908)
	at java.lang.Thread.run(Thread.java:680)
testRawScan(org.apache.hadoop.hbase.regionserver.TestKeepDeletes)  Time elapsed: 0.001 sec  <<< ERROR!
java.lang.NullPointerException
	at org.apache.hadoop.hbase.trigger.LocalTriggerManage.containsTrigger(LocalTriggerManage.java:39)
	at org.apache.hadoop.hbase.regionserver.wal.WALDetection.checkDispatch(WALDetection.java:27)
	at org.apache.hadoop.hbase.regionserver.wal.FSHLog.doWrite(FSHLog.java:1220)
	at org.apache.hadoop.hbase.regionserver.wal.FSHLog.append(FSHLog.java:915)
	at org.apache.hadoop.hbase.regionserver.wal.FSHLog.appendNoSync(FSHLog.java:937)
	at org.apache.hadoop.hbase.regionserver.HRegion.doMiniBatchMutation(HRegion.java:2261)
	at org.apache.hadoop.hbase.regionserver.HRegion.batchMutate(HRegion.java:2010)
	at org.apache.hadoop.hbase.regionserver.HRegion.doBatchMutate(HRegion.java:2465)
	at org.apache.hadoop.hbase.regionserver.HRegion.put(HRegion.java:1935)
	at org.apache.hadoop.hbase.regionserver.HRegion.put(HRegion.java:1883)
	at org.apache.hadoop.hbase.regionserver.TestKeepDeletes.testRawScan(TestKeepDeletes.java:267)
	at sun.reflect.NativeMethodAccessorImpl.invoke0(Native Method)
	at sun.reflect.NativeMethodAccessorImpl.invoke(NativeMethodAccessorImpl.java:39)
	at sun.reflect.DelegatingMethodAccessorImpl.invoke(DelegatingMethodAccessorImpl.java:25)
	at java.lang.reflect.Method.invoke(Method.java:597)
	at junit.framework.TestCase.runTest(TestCase.java:168)
	at junit.framework.TestCase.runBare(TestCase.java:134)
	at junit.framework.TestResult$1.protect(TestResult.java:110)
	at junit.framework.TestResult.runProtected(TestResult.java:128)
	at junit.framework.TestResult.run(TestResult.java:113)
	at junit.framework.TestCase.run(TestCase.java:124)
	at junit.framework.TestSuite.runTest(TestSuite.java:243)
	at junit.framework.TestSuite.run(TestSuite.java:238)
	at org.junit.internal.runners.JUnit38ClassRunner.run(JUnit38ClassRunner.java:83)
	at org.junit.runners.Suite.runChild(Suite.java:128)
	at org.junit.runners.Suite.runChild(Suite.java:24)
	at org.junit.runners.ParentRunner$3.run(ParentRunner.java:231)
	at java.util.concurrent.Executors$RunnableAdapter.call(Executors.java:439)
	at java.util.concurrent.FutureTask$Sync.innerRun(FutureTask.java:303)
	at java.util.concurrent.FutureTask.run(FutureTask.java:138)
	at java.util.concurrent.ThreadPoolExecutor$Worker.runTask(ThreadPoolExecutor.java:886)
	at java.util.concurrent.ThreadPoolExecutor$Worker.run(ThreadPoolExecutor.java:908)
	at java.lang.Thread.run(Thread.java:680)
testDeleteMarkerExpirationEmptyStore(org.apache.hadoop.hbase.regionserver.TestKeepDeletes)  Time elapsed: 0 sec  <<< ERROR!
java.lang.NullPointerException
	at org.apache.hadoop.hbase.trigger.LocalTriggerManage.containsTrigger(LocalTriggerManage.java:39)
	at org.apache.hadoop.hbase.regionserver.wal.WALDetection.checkDispatch(WALDetection.java:27)
	at org.apache.hadoop.hbase.regionserver.wal.FSHLog.doWrite(FSHLog.java:1220)
	at org.apache.hadoop.hbase.regionserver.wal.FSHLog.append(FSHLog.java:915)
	at org.apache.hadoop.hbase.regionserver.wal.FSHLog.appendNoSync(FSHLog.java:937)
	at org.apache.hadoop.hbase.regionserver.HRegion.doMiniBatchMutation(HRegion.java:2261)
	at org.apache.hadoop.hbase.regionserver.HRegion.batchMutate(HRegion.java:2010)
	at org.apache.hadoop.hbase.regionserver.HRegion.doBatchMutate(HRegion.java:2465)
	at org.apache.hadoop.hbase.regionserver.HRegion.delete(HRegion.java:1800)
	at org.apache.hadoop.hbase.regionserver.TestKeepDeletes.testDeleteMarkerExpirationEmptyStore(TestKeepDeletes.java:314)
	at sun.reflect.NativeMethodAccessorImpl.invoke0(Native Method)
	at sun.reflect.NativeMethodAccessorImpl.invoke(NativeMethodAccessorImpl.java:39)
	at sun.reflect.DelegatingMethodAccessorImpl.invoke(DelegatingMethodAccessorImpl.java:25)
	at java.lang.reflect.Method.invoke(Method.java:597)
	at junit.framework.TestCase.runTest(TestCase.java:168)
	at junit.framework.TestCase.runBare(TestCase.java:134)
	at junit.framework.TestResult$1.protect(TestResult.java:110)
	at junit.framework.TestResult.runProtected(TestResult.java:128)
	at junit.framework.TestResult.run(TestResult.java:113)
	at junit.framework.TestCase.run(TestCase.java:124)
	at junit.framework.TestSuite.runTest(TestSuite.java:243)
	at junit.framework.TestSuite.run(TestSuite.java:238)
	at org.junit.internal.runners.JUnit38ClassRunner.run(JUnit38ClassRunner.java:83)
	at org.junit.runners.Suite.runChild(Suite.java:128)
	at org.junit.runners.Suite.runChild(Suite.java:24)
	at org.junit.runners.ParentRunner$3.run(ParentRunner.java:231)
	at java.util.concurrent.Executors$RunnableAdapter.call(Executors.java:439)
	at java.util.concurrent.FutureTask$Sync.innerRun(FutureTask.java:303)
	at java.util.concurrent.FutureTask.run(FutureTask.java:138)
	at java.util.concurrent.ThreadPoolExecutor$Worker.runTask(ThreadPoolExecutor.java:886)
	at java.util.concurrent.ThreadPoolExecutor$Worker.run(ThreadPoolExecutor.java:908)
	at java.lang.Thread.run(Thread.java:680)
testDeleteMarkerExpiration(org.apache.hadoop.hbase.regionserver.TestKeepDeletes)  Time elapsed: 0 sec  <<< ERROR!
java.lang.NullPointerException
	at org.apache.hadoop.hbase.trigger.LocalTriggerManage.containsTrigger(LocalTriggerManage.java:39)
	at org.apache.hadoop.hbase.regionserver.wal.WALDetection.checkDispatch(WALDetection.java:27)
	at org.apache.hadoop.hbase.regionserver.wal.FSHLog.doWrite(FSHLog.java:1220)
	at org.apache.hadoop.hbase.regionserver.wal.FSHLog.append(FSHLog.java:915)
	at org.apache.hadoop.hbase.regionserver.wal.FSHLog.appendNoSync(FSHLog.java:937)
	at org.apache.hadoop.hbase.regionserver.HRegion.doMiniBatchMutation(HRegion.java:2261)
	at org.apache.hadoop.hbase.regionserver.HRegion.batchMutate(HRegion.java:2010)
	at org.apache.hadoop.hbase.regionserver.HRegion.doBatchMutate(HRegion.java:2465)
	at org.apache.hadoop.hbase.regionserver.HRegion.put(HRegion.java:1935)
	at org.apache.hadoop.hbase.regionserver.HRegion.put(HRegion.java:1883)
	at org.apache.hadoop.hbase.regionserver.TestKeepDeletes.testDeleteMarkerExpiration(TestKeepDeletes.java:356)
	at sun.reflect.NativeMethodAccessorImpl.invoke0(Native Method)
	at sun.reflect.NativeMethodAccessorImpl.invoke(NativeMethodAccessorImpl.java:39)
	at sun.reflect.DelegatingMethodAccessorImpl.invoke(DelegatingMethodAccessorImpl.java:25)
	at java.lang.reflect.Method.invoke(Method.java:597)
	at junit.framework.TestCase.runTest(TestCase.java:168)
	at junit.framework.TestCase.runBare(TestCase.java:134)
	at junit.framework.TestResult$1.protect(TestResult.java:110)
	at junit.framework.TestResult.runProtected(TestResult.java:128)
	at junit.framework.TestResult.run(TestResult.java:113)
	at junit.framework.TestCase.run(TestCase.java:124)
	at junit.framework.TestSuite.runTest(TestSuite.java:243)
	at junit.framework.TestSuite.run(TestSuite.java:238)
	at org.junit.internal.runners.JUnit38ClassRunner.run(JUnit38ClassRunner.java:83)
	at org.junit.runners.Suite.runChild(Suite.java:128)
	at org.junit.runners.Suite.runChild(Suite.java:24)
	at org.junit.runners.ParentRunner$3.run(ParentRunner.java:231)
	at java.util.concurrent.Executors$RunnableAdapter.call(Executors.java:439)
	at java.util.concurrent.FutureTask$Sync.innerRun(FutureTask.java:303)
	at java.util.concurrent.FutureTask.run(FutureTask.java:138)
	at java.util.concurrent.ThreadPoolExecutor$Worker.runTask(ThreadPoolExecutor.java:886)
	at java.util.concurrent.ThreadPoolExecutor$Worker.run(ThreadPoolExecutor.java:908)
	at java.lang.Thread.run(Thread.java:680)
testRanges(org.apache.hadoop.hbase.regionserver.TestKeepDeletes)  Time elapsed: 0.001 sec  <<< ERROR!
java.lang.NullPointerException
	at org.apache.hadoop.hbase.trigger.LocalTriggerManage.containsTrigger(LocalTriggerManage.java:39)
	at org.apache.hadoop.hbase.regionserver.wal.WALDetection.checkDispatch(WALDetection.java:27)
	at org.apache.hadoop.hbase.regionserver.wal.FSHLog.doWrite(FSHLog.java:1220)
	at org.apache.hadoop.hbase.regionserver.wal.FSHLog.append(FSHLog.java:915)
	at org.apache.hadoop.hbase.regionserver.wal.FSHLog.appendNoSync(FSHLog.java:937)
	at org.apache.hadoop.hbase.regionserver.HRegion.doMiniBatchMutation(HRegion.java:2261)
	at org.apache.hadoop.hbase.regionserver.HRegion.batchMutate(HRegion.java:2010)
	at org.apache.hadoop.hbase.regionserver.HRegion.doBatchMutate(HRegion.java:2465)
	at org.apache.hadoop.hbase.regionserver.HRegion.put(HRegion.java:1935)
	at org.apache.hadoop.hbase.regionserver.HRegion.put(HRegion.java:1883)
	at org.apache.hadoop.hbase.regionserver.TestKeepDeletes.testRanges(TestKeepDeletes.java:420)
	at sun.reflect.NativeMethodAccessorImpl.invoke0(Native Method)
	at sun.reflect.NativeMethodAccessorImpl.invoke(NativeMethodAccessorImpl.java:39)
	at sun.reflect.DelegatingMethodAccessorImpl.invoke(DelegatingMethodAccessorImpl.java:25)
	at java.lang.reflect.Method.invoke(Method.java:597)
	at junit.framework.TestCase.runTest(TestCase.java:168)
	at junit.framework.TestCase.runBare(TestCase.java:134)
	at junit.framework.TestResult$1.protect(TestResult.java:110)
	at junit.framework.TestResult.runProtected(TestResult.java:128)
	at junit.framework.TestResult.run(TestResult.java:113)
	at junit.framework.TestCase.run(TestCase.java:124)
	at junit.framework.TestSuite.runTest(TestSuite.java:243)
	at junit.framework.TestSuite.run(TestSuite.java:238)
	at org.junit.internal.runners.JUnit38ClassRunner.run(JUnit38ClassRunner.java:83)
	at org.junit.runners.Suite.runChild(Suite.java:128)
	at org.junit.runners.Suite.runChild(Suite.java:24)
	at org.junit.runners.ParentRunner$3.run(ParentRunner.java:231)
	at java.util.concurrent.Executors$RunnableAdapter.call(Executors.java:439)
	at java.util.concurrent.FutureTask$Sync.innerRun(FutureTask.java:303)
	at java.util.concurrent.FutureTask.run(FutureTask.java:138)
	at java.util.concurrent.ThreadPoolExecutor$Worker.runTask(ThreadPoolExecutor.java:886)
	at java.util.concurrent.ThreadPoolExecutor$Worker.run(ThreadPoolExecutor.java:908)
	at java.lang.Thread.run(Thread.java:680)
testDeleteMarkerVersioning(org.apache.hadoop.hbase.regionserver.TestKeepDeletes)  Time elapsed: 0 sec  <<< ERROR!
java.lang.NullPointerException
	at org.apache.hadoop.hbase.trigger.LocalTriggerManage.containsTrigger(LocalTriggerManage.java:39)
	at org.apache.hadoop.hbase.regionserver.wal.WALDetection.checkDispatch(WALDetection.java:27)
	at org.apache.hadoop.hbase.regionserver.wal.FSHLog.doWrite(FSHLog.java:1220)
	at org.apache.hadoop.hbase.regionserver.wal.FSHLog.append(FSHLog.java:915)
	at org.apache.hadoop.hbase.regionserver.wal.FSHLog.appendNoSync(FSHLog.java:937)
	at org.apache.hadoop.hbase.regionserver.HRegion.doMiniBatchMutation(HRegion.java:2261)
	at org.apache.hadoop.hbase.regionserver.HRegion.batchMutate(HRegion.java:2010)
	at org.apache.hadoop.hbase.regionserver.HRegion.doBatchMutate(HRegion.java:2465)
	at org.apache.hadoop.hbase.regionserver.HRegion.put(HRegion.java:1935)
	at org.apache.hadoop.hbase.regionserver.HRegion.put(HRegion.java:1883)
	at org.apache.hadoop.hbase.regionserver.TestKeepDeletes.testDeleteMarkerVersioning(TestKeepDeletes.java:498)
	at sun.reflect.NativeMethodAccessorImpl.invoke0(Native Method)
	at sun.reflect.NativeMethodAccessorImpl.invoke(NativeMethodAccessorImpl.java:39)
	at sun.reflect.DelegatingMethodAccessorImpl.invoke(DelegatingMethodAccessorImpl.java:25)
	at java.lang.reflect.Method.invoke(Method.java:597)
	at junit.framework.TestCase.runTest(TestCase.java:168)
	at junit.framework.TestCase.runBare(TestCase.java:134)
	at junit.framework.TestResult$1.protect(TestResult.java:110)
	at junit.framework.TestResult.runProtected(TestResult.java:128)
	at junit.framework.TestResult.run(TestResult.java:113)
	at junit.framework.TestCase.run(TestCase.java:124)
	at junit.framework.TestSuite.runTest(TestSuite.java:243)
	at junit.framework.TestSuite.run(TestSuite.java:238)
	at org.junit.internal.runners.JUnit38ClassRunner.run(JUnit38ClassRunner.java:83)
	at org.junit.runners.Suite.runChild(Suite.java:128)
	at org.junit.runners.Suite.runChild(Suite.java:24)
	at org.junit.runners.ParentRunner$3.run(ParentRunner.java:231)
	at java.util.concurrent.Executors$RunnableAdapter.call(Executors.java:439)
	at java.util.concurrent.FutureTask$Sync.innerRun(FutureTask.java:303)
	at java.util.concurrent.FutureTask.run(FutureTask.java:138)
	at java.util.concurrent.ThreadPoolExecutor$Worker.runTask(ThreadPoolExecutor.java:886)
	at java.util.concurrent.ThreadPoolExecutor$Worker.run(ThreadPoolExecutor.java:908)
	at java.lang.Thread.run(Thread.java:680)
testWithMixedCFs(org.apache.hadoop.hbase.regionserver.TestKeepDeletes)  Time elapsed: 0 sec  <<< ERROR!
java.lang.NullPointerException
	at org.apache.hadoop.hbase.trigger.LocalTriggerManage.containsTrigger(LocalTriggerManage.java:39)
	at org.apache.hadoop.hbase.regionserver.wal.WALDetection.checkDispatch(WALDetection.java:27)
	at org.apache.hadoop.hbase.regionserver.wal.FSHLog.doWrite(FSHLog.java:1220)
	at org.apache.hadoop.hbase.regionserver.wal.FSHLog.append(FSHLog.java:915)
	at org.apache.hadoop.hbase.regionserver.wal.FSHLog.appendNoSync(FSHLog.java:937)
	at org.apache.hadoop.hbase.regionserver.HRegion.doMiniBatchMutation(HRegion.java:2261)
	at org.apache.hadoop.hbase.regionserver.HRegion.batchMutate(HRegion.java:2010)
	at org.apache.hadoop.hbase.regionserver.HRegion.doBatchMutate(HRegion.java:2465)
	at org.apache.hadoop.hbase.regionserver.HRegion.put(HRegion.java:1935)
	at org.apache.hadoop.hbase.regionserver.HRegion.put(HRegion.java:1883)
	at org.apache.hadoop.hbase.regionserver.TestKeepDeletes.testWithMixedCFs(TestKeepDeletes.java:594)
	at sun.reflect.NativeMethodAccessorImpl.invoke0(Native Method)
	at sun.reflect.NativeMethodAccessorImpl.invoke(NativeMethodAccessorImpl.java:39)
	at sun.reflect.DelegatingMethodAccessorImpl.invoke(DelegatingMethodAccessorImpl.java:25)
	at java.lang.reflect.Method.invoke(Method.java:597)
	at junit.framework.TestCase.runTest(TestCase.java:168)
	at junit.framework.TestCase.runBare(TestCase.java:134)
	at junit.framework.TestResult$1.protect(TestResult.java:110)
	at junit.framework.TestResult.runProtected(TestResult.java:128)
	at junit.framework.TestResult.run(TestResult.java:113)
	at junit.framework.TestCase.run(TestCase.java:124)
	at junit.framework.TestSuite.runTest(TestSuite.java:243)
	at junit.framework.TestSuite.run(TestSuite.java:238)
	at org.junit.internal.runners.JUnit38ClassRunner.run(JUnit38ClassRunner.java:83)
	at org.junit.runners.Suite.runChild(Suite.java:128)
	at org.junit.runners.Suite.runChild(Suite.java:24)
	at org.junit.runners.ParentRunner$3.run(ParentRunner.java:231)
	at java.util.concurrent.Executors$RunnableAdapter.call(Executors.java:439)
	at java.util.concurrent.FutureTask$Sync.innerRun(FutureTask.java:303)
	at java.util.concurrent.FutureTask.run(FutureTask.java:138)
	at java.util.concurrent.ThreadPoolExecutor$Worker.runTask(ThreadPoolExecutor.java:886)
	at java.util.concurrent.ThreadPoolExecutor$Worker.run(ThreadPoolExecutor.java:908)
	at java.lang.Thread.run(Thread.java:680)
testWithMinVersions(org.apache.hadoop.hbase.regionserver.TestKeepDeletes)  Time elapsed: 0 sec  <<< ERROR!
java.lang.NullPointerException
	at org.apache.hadoop.hbase.trigger.LocalTriggerManage.containsTrigger(LocalTriggerManage.java:39)
	at org.apache.hadoop.hbase.regionserver.wal.WALDetection.checkDispatch(WALDetection.java:27)
	at org.apache.hadoop.hbase.regionserver.wal.FSHLog.doWrite(FSHLog.java:1220)
	at org.apache.hadoop.hbase.regionserver.wal.FSHLog.append(FSHLog.java:915)
	at org.apache.hadoop.hbase.regionserver.wal.FSHLog.appendNoSync(FSHLog.java:937)
	at org.apache.hadoop.hbase.regionserver.HRegion.doMiniBatchMutation(HRegion.java:2261)
	at org.apache.hadoop.hbase.regionserver.HRegion.batchMutate(HRegion.java:2010)
	at org.apache.hadoop.hbase.regionserver.HRegion.doBatchMutate(HRegion.java:2465)
	at org.apache.hadoop.hbase.regionserver.HRegion.put(HRegion.java:1935)
	at org.apache.hadoop.hbase.regionserver.HRegion.put(HRegion.java:1883)
	at org.apache.hadoop.hbase.regionserver.TestKeepDeletes.testWithMinVersions(TestKeepDeletes.java:641)
	at sun.reflect.NativeMethodAccessorImpl.invoke0(Native Method)
	at sun.reflect.NativeMethodAccessorImpl.invoke(NativeMethodAccessorImpl.java:39)
	at sun.reflect.DelegatingMethodAccessorImpl.invoke(DelegatingMethodAccessorImpl.java:25)
	at java.lang.reflect.Method.invoke(Method.java:597)
	at junit.framework.TestCase.runTest(TestCase.java:168)
	at junit.framework.TestCase.runBare(TestCase.java:134)
	at junit.framework.TestResult$1.protect(TestResult.java:110)
	at junit.framework.TestResult.runProtected(TestResult.java:128)
	at junit.framework.TestResult.run(TestResult.java:113)
	at junit.framework.TestCase.run(TestCase.java:124)
	at junit.framework.TestSuite.runTest(TestSuite.java:243)
	at junit.framework.TestSuite.run(TestSuite.java:238)
	at org.junit.internal.runners.JUnit38ClassRunner.run(JUnit38ClassRunner.java:83)
	at org.junit.runners.Suite.runChild(Suite.java:128)
	at org.junit.runners.Suite.runChild(Suite.java:24)
	at org.junit.runners.ParentRunner$3.run(ParentRunner.java:231)
	at java.util.concurrent.Executors$RunnableAdapter.call(Executors.java:439)
	at java.util.concurrent.FutureTask$Sync.innerRun(FutureTask.java:303)
	at java.util.concurrent.FutureTask.run(FutureTask.java:138)
	at java.util.concurrent.ThreadPoolExecutor$Worker.runTask(ThreadPoolExecutor.java:886)
	at java.util.concurrent.ThreadPoolExecutor$Worker.run(ThreadPoolExecutor.java:908)
	at java.lang.Thread.run(Thread.java:680)
