<?xml version="1.0" encoding="UTF-8" ?>
<testsuite failures="0" time="0.001" errors="1" skipped="0" tests="1" name="org.apache.hadoop.hbase.client.TestIntraRowPagination">
  <properties>
[...]
</properties>
  <testcase time="0" classname="org.apache.hadoop.hbase.client.TestIntraRowPagination" name="testScanLimitAndOffset">
    <error type="java.lang.NullPointerException">java.lang.NullPointerException
	at org.apache.hadoop.hbase.trigger.LocalTriggerManage.containsTrigger(LocalTriggerManage.java:39)
	at org.apache.hadoop.hbase.regionserver.wal.WALDetection.checkDispatch(WALDetection.java:27)
	at org.apache.hadoop.hbase.regionserver.wal.FSHLog.doWrite(FSHLog.java:1220)
	at org.apache.hadoop.hbase.regionserver.wal.FSHLog.append(FSHLog.java:915)
	at org.apache.hadoop.hbase.regionserver.wal.FSHLog.appendNoSync(FSHLog.java:937)
	at org.apache.hadoop.hbase.regionserver.HRegion.doMiniBatchMutation(HRegion.java:2261)
	at org.apache.hadoop.hbase.regionserver.HRegion.batchMutate(HRegion.java:2010)
	at org.apache.hadoop.hbase.regionserver.HRegion.doBatchMutate(HRegion.java:2465)
	at org.apache.hadoop.hbase.regionserver.HRegion.put(HRegion.java:1935)
	at org.apache.hadoop.hbase.regionserver.HRegion.put(HRegion.java:1883)
	at org.apache.hadoop.hbase.client.TestIntraRowPagination.testScanLimitAndOffset(TestIntraRowPagination.java:84)
	at sun.reflect.NativeMethodAccessorImpl.invoke0(Native Method)
	at sun.reflect.NativeMethodAccessorImpl.invoke(NativeMethodAccessorImpl.java:39)
	at sun.reflect.DelegatingMethodAccessorImpl.invoke(DelegatingMethodAccessorImpl.java:25)
	at java.lang.reflect.Method.invoke(Method.java:597)
	at org.junit.runners.model.FrameworkMethod$1.runReflectiveCall(FrameworkMethod.java:45)
	at org.junit.internal.runners.model.ReflectiveCallable.run(ReflectiveCallable.java:15)
	at org.junit.runners.model.FrameworkMethod.invokeExplosively(FrameworkMethod.java:42)
	at org.junit.internal.runners.statements.InvokeMethod.evaluate(InvokeMethod.java:20)
	at org.junit.runners.ParentRunner.runLeaf(ParentRunner.java:263)
	at org.junit.runners.BlockJUnit4ClassRunner.runChild(BlockJUnit4ClassRunner.java:68)
	at org.junit.runners.BlockJUnit4ClassRunner.runChild(BlockJUnit4ClassRunner.java:47)
	at org.junit.runners.ParentRunner$3.run(ParentRunner.java:231)
	at org.junit.runners.ParentRunner$1.schedule(ParentRunner.java:60)
	at org.junit.runners.ParentRunner.runChildren(ParentRunner.java:229)
	at org.junit.runners.ParentRunner.access$000(ParentRunner.java:50)
	at org.junit.runners.ParentRunner$2.evaluate(ParentRunner.java:222)
	at org.junit.runners.ParentRunner.run(ParentRunner.java:300)
	at org.junit.runners.Suite.runChild(Suite.java:128)
	at org.junit.runners.Suite.runChild(Suite.java:24)
	at org.junit.runners.ParentRunner$3.run(ParentRunner.java:231)
	at java.util.concurrent.Executors$RunnableAdapter.call(Executors.java:439)
	at java.util.concurrent.FutureTask$Sync.innerRun(FutureTask.java:303)
	at java.util.concurrent.FutureTask.run(FutureTask.java:138)
	at java.util.concurrent.ThreadPoolExecutor$Worker.runTask(ThreadPoolExecutor.java:886)
	at java.util.concurrent.ThreadPoolExecutor$Worker.run(ThreadPoolExecutor.java:908)
	at java.lang.Thread.run(Thread.java:680)
</error>
    <system-err>2013-03-06 19:58:58,423 INFO  [pool-1-thread-1] hbase.ResourceChecker(147): before: client.TestIntraRowPagination#testScanLimitAndOffset Thread=8, OpenFileDescriptor=105, MaxFileDescriptor=1000000, ConnectionCount=0
2013-03-06 19:58:58,446 INFO  [pool-1-thread-1] hbase.HBaseTestingUtility(291): System.getProperty(&quot;hadoop.log.dir&quot;) already set to: /Users/daidong/github/local/DominoHBase/hbase-server/target/test-data/c7e3b3bf-66f3-482b-9613-8cbfd1163ed8/hadoop-log-dir so I do NOT create it in target/test-data/45519261-cc02-4131-8c84-afacbfc9783a
2013-03-06 19:58:58,446 WARN  [pool-1-thread-1] hbase.HBaseTestingUtility(295): hadoop.log.dir property value differs in configuration and system: Configuration=/Users/daidong/github/local/DominoHBase/hbase-server/../logs while System=/Users/daidong/github/local/DominoHBase/hbase-server/target/test-data/c7e3b3bf-66f3-482b-9613-8cbfd1163ed8/hadoop-log-dir Erasing configuration value by system value.
2013-03-06 19:58:58,446 INFO  [pool-1-thread-1] hbase.HBaseTestingUtility(291): System.getProperty(&quot;hadoop.tmp.dir&quot;) already set to: /Users/daidong/github/local/DominoHBase/hbase-server/target/test-data/c7e3b3bf-66f3-482b-9613-8cbfd1163ed8/hadoop-tmp-dir so I do NOT create it in target/test-data/45519261-cc02-4131-8c84-afacbfc9783a
2013-03-06 19:58:58,447 WARN  [pool-1-thread-1] hbase.HBaseTestingUtility(295): hadoop.tmp.dir property value differs in configuration and system: Configuration=/tmp/hadoop-daidong while System=/Users/daidong/github/local/DominoHBase/hbase-server/target/test-data/c7e3b3bf-66f3-482b-9613-8cbfd1163ed8/hadoop-tmp-dir Erasing configuration value by system value.
2013-03-06 19:58:58,613 INFO  [pool-1-thread-1] regionserver.HRegion(3895): creating HRegion MyTestTable HTD == &apos;MyTestTable&apos;, {NAME =&gt; &apos;MyDefaultCF0&apos;, DATA_BLOCK_ENCODING =&gt; &apos;NONE&apos;, BLOOMFILTER =&gt; &apos;NONE&apos;, REPLICATION_SCOPE =&gt; &apos;0&apos;, COMPRESSION =&gt; &apos;NONE&apos;, VERSIONS =&gt; &apos;3&apos;, TTL =&gt; &apos;2147483647&apos;, MIN_VERSIONS =&gt; &apos;0&apos;, KEEP_DELETED_CELLS =&gt; &apos;false&apos;, BLOCKSIZE =&gt; &apos;65536&apos;, ENCODE_ON_DISK =&gt; &apos;true&apos;, IN_MEMORY =&gt; &apos;false&apos;, BLOCKCACHE =&gt; &apos;true&apos;}, {NAME =&gt; &apos;MyDefaultCF1&apos;, DATA_BLOCK_ENCODING =&gt; &apos;NONE&apos;, BLOOMFILTER =&gt; &apos;NONE&apos;, REPLICATION_SCOPE =&gt; &apos;0&apos;, COMPRESSION =&gt; &apos;NONE&apos;, VERSIONS =&gt; &apos;3&apos;, TTL =&gt; &apos;2147483647&apos;, MIN_VERSIONS =&gt; &apos;0&apos;, KEEP_DELETED_CELLS =&gt; &apos;false&apos;, BLOCKSIZE =&gt; &apos;65536&apos;, ENCODE_ON_DISK =&gt; &apos;true&apos;, IN_MEMORY =&gt; &apos;false&apos;, BLOCKCACHE =&gt; &apos;true&apos;}, {NAME =&gt; &apos;MyDefaultCF2&apos;, DATA_BLOCK_ENCODING =&gt; &apos;NONE&apos;, BLOOMFILTER =&gt; &apos;NONE&apos;, REPLICATION_SCOPE =&gt; &apos;0&apos;, COMPRESSION =&gt; &apos;NONE&apos;, VERSIONS =&gt; &apos;3&apos;, TTL =&gt; &apos;2147483647&apos;, MIN_VERSIONS =&gt; &apos;0&apos;, KEEP_DELETED_CELLS =&gt; &apos;false&apos;, BLOCKSIZE =&gt; &apos;65536&apos;, ENCODE_ON_DISK =&gt; &apos;true&apos;, IN_MEMORY =&gt; &apos;false&apos;, BLOCKCACHE =&gt; &apos;true&apos;} RootDir = /Users/daidong/github/local/DominoHBase/hbase-server/target/test-data/45519261-cc02-4131-8c84-afacbfc9783a Table name == MyTestTable
2013-03-06 19:58:59,140 INFO  [pool-1-thread-1] wal.FSHLog(333): HLog configuration: blocksize=32 MB, rollsize=30.4 MB, enabled=true, optionallogflushinternal=1000ms
2013-03-06 19:58:59,258 WARN  [pool-1-thread-1] util.NativeCodeLoader(52): Unable to load native-hadoop library for your platform... using builtin-java classes where applicable
2013-03-06 19:58:59,298 DEBUG [pool-1-thread-1] wal.SequenceFileLogWriter(189): using new createWriter -- HADOOP-6840
2013-03-06 19:58:59,299 DEBUG [pool-1-thread-1] wal.SequenceFileLogWriter(193): Path=/Users/daidong/github/local/DominoHBase/hbase-server/target/test-data/45519261-cc02-4131-8c84-afacbfc9783a/MyTestTable/b97af5e76c5ee840ac34e0bc19b134a2/.logs/hlog.1362571139142, compression=false
2013-03-06 19:58:59,317 INFO  [pool-1-thread-1] wal.FSHLog(519):  for /Users/daidong/github/local/DominoHBase/hbase-server/target/test-data/45519261-cc02-4131-8c84-afacbfc9783a/MyTestTable/b97af5e76c5ee840ac34e0bc19b134a2/.logs/hlog.1362571139142
2013-03-06 19:58:59,317 INFO  [pool-1-thread-1] wal.FSHLog(409): FileSystem&apos;s output stream doesn&apos;t support getNumCurrentReplicas; --HDFS-826 not available; fsOut=org.apache.hadoop.fs.ChecksumFileSystem$ChecksumFSOutputSummer
2013-03-06 19:58:59,709 WARN  [pool-1-thread-1] impl.MetricsSystemImpl(137): Metrics system not started: Cannot locate configuration: tried hadoop-metrics2-hbase.properties, hadoop-metrics2.properties
2013-03-06 19:59:00,009 DEBUG [pool-1-thread-1] regionserver.HRegion(495): Instantiated MyTestTable,,1362571138445.b97af5e76c5ee840ac34e0bc19b134a2.
2013-03-06 19:59:00,165 DEBUG [pool-1-thread-1] util.FSUtils(165): Creating file=/Users/daidong/github/local/DominoHBase/hbase-server/target/test-data/45519261-cc02-4131-8c84-afacbfc9783a/MyTestTable/b97af5e76c5ee840ac34e0bc19b134a2/.tmp/.regioninfo with permission=rwxrwxrwx
2013-03-06 19:59:00,564 INFO  [StoreOpenerThread-MyTestTable,,1362571138445.b97af5e76c5ee840ac34e0bc19b134a2.-1] compactions.CompactionConfiguration(97): Compaction configuration size [134217728, 9223372036854775807); files [3, 10); ratio 1.200000; off-peak ratio 5.000000; off-peak hours -1--1; throttle point 2684354560; delete expired; major period 86400000, major jitter 0.200000
2013-03-06 19:59:00,566 INFO  [StoreOpenerThread-MyTestTable,,1362571138445.b97af5e76c5ee840ac34e0bc19b134a2.-1] compactions.CompactionConfiguration(97): Compaction configuration size [134217728, 9223372036854775807); files [3, 10); ratio 1.200000; off-peak ratio 5.000000; off-peak hours -1--1; throttle point 2684354560; delete expired; major period 86400000, major jitter 0.200000
2013-03-06 19:59:00,568 INFO  [StoreOpenerThread-MyTestTable,,1362571138445.b97af5e76c5ee840ac34e0bc19b134a2.-1] compactions.CompactionConfiguration(97): Compaction configuration size [134217728, 9223372036854775807); files [3, 10); ratio 1.200000; off-peak ratio 5.000000; off-peak hours -1--1; throttle point 2684354560; delete expired; major period 86400000, major jitter 0.200000
2013-03-06 19:59:00,589 INFO  [pool-1-thread-1] regionserver.HRegion(640): Onlined MyTestTable,,1362571138445.b97af5e76c5ee840ac34e0bc19b134a2.; next sequenceid=1
2013-03-06 19:59:00,689 DEBUG [pool-1-thread-1] regionserver.HRegion(2657): rollbackMemstore rolled back 30 keyvalues from start:0 to end:1
2013-03-06 19:59:00,689 DEBUG [pool-1-thread-1] regionserver.HRegion(975): Closing MyTestTable,,1362571138445.b97af5e76c5ee840ac34e0bc19b134a2.: disabling compactions &amp; flushes
2013-03-06 19:59:00,689 DEBUG [pool-1-thread-1] regionserver.HRegion(997): Updates disabled for region MyTestTable,,1362571138445.b97af5e76c5ee840ac34e0bc19b134a2.
2013-03-06 19:59:00,692 INFO  [StoreCloserThread-MyTestTable,,1362571138445.b97af5e76c5ee840ac34e0bc19b134a2.-1] regionserver.HStore(681): Closed MyDefaultCF0
2013-03-06 19:59:00,692 INFO  [StoreCloserThread-MyTestTable,,1362571138445.b97af5e76c5ee840ac34e0bc19b134a2.-1] regionserver.HStore(681): Closed MyDefaultCF1
2013-03-06 19:59:00,692 INFO  [StoreCloserThread-MyTestTable,,1362571138445.b97af5e76c5ee840ac34e0bc19b134a2.-1] regionserver.HStore(681): Closed MyDefaultCF2
2013-03-06 19:59:00,692 INFO  [pool-1-thread-1] regionserver.HRegion(1050): Closed MyTestTable,,1362571138445.b97af5e76c5ee840ac34e0bc19b134a2.
2013-03-06 19:59:00,698 INFO  [pool-1-thread-1] hbase.ResourceChecker(171): after: client.TestIntraRowPagination#testScanLimitAndOffset Thread=9 (was 8)
Potentially hanging thread: pool-1-thread-1.logSyncer
	java.lang.Object.wait(Native Method)
	org.apache.hadoop.hbase.regionserver.wal.FSHLog$LogSyncer.run(FSHLog.java:983)
	java.lang.Thread.run(Thread.java:680)
 - Thread LEAK? -, OpenFileDescriptor=107 (was 105) - OpenFileDescriptor LEAK? -, MaxFileDescriptor=1000000 (was 1000000), ConnectionCount=0 (was 0)
</system-err>
  </testcase>
</testsuite>