<?xml version="1.0" encoding="UTF-8" ?>
<testsuite failures="0" time="0.029" errors="19" skipped="0" tests="19" name="org.apache.hadoop.hbase.filter.TestFilter">
  <properties>
[...]
</properties>
  <testcase time="0.005" classname="org.apache.hadoop.hbase.filter.TestFilter" name="testKeyOnlyFilter">
    <error type="java.lang.NullPointerException">java.lang.NullPointerException
	at org.apache.hadoop.hbase.trigger.LocalTriggerManage.containsTrigger(LocalTriggerManage.java:39)
	at org.apache.hadoop.hbase.regionserver.wal.WALDetection.checkDispatch(WALDetection.java:27)
	at org.apache.hadoop.hbase.regionserver.wal.FSHLog.doWrite(FSHLog.java:1220)
	at org.apache.hadoop.hbase.regionserver.wal.FSHLog.append(FSHLog.java:915)
	at org.apache.hadoop.hbase.regionserver.wal.FSHLog.appendNoSync(FSHLog.java:937)
	at org.apache.hadoop.hbase.regionserver.HRegion.doMiniBatchMutation(HRegion.java:2261)
	at org.apache.hadoop.hbase.regionserver.HRegion.batchMutate(HRegion.java:2010)
	at org.apache.hadoop.hbase.regionserver.HRegion.doBatchMutate(HRegion.java:2465)
	at org.apache.hadoop.hbase.regionserver.HRegion.delete(HRegion.java:1800)
	at org.apache.hadoop.hbase.filter.TestFilter.setUp(TestFilter.java:182)
	at sun.reflect.NativeMethodAccessorImpl.invoke0(Native Method)
	at sun.reflect.NativeMethodAccessorImpl.invoke(NativeMethodAccessorImpl.java:39)
	at sun.reflect.DelegatingMethodAccessorImpl.invoke(DelegatingMethodAccessorImpl.java:25)
	at java.lang.reflect.Method.invoke(Method.java:597)
	at org.junit.runners.model.FrameworkMethod$1.runReflectiveCall(FrameworkMethod.java:45)
	at org.junit.internal.runners.model.ReflectiveCallable.run(ReflectiveCallable.java:15)
	at org.junit.runners.model.FrameworkMethod.invokeExplosively(FrameworkMethod.java:42)
	at org.junit.internal.runners.statements.RunBefores.evaluate(RunBefores.java:27)
	at org.junit.internal.runners.statements.RunAfters.evaluate(RunAfters.java:30)
	at org.junit.runners.ParentRunner.runLeaf(ParentRunner.java:263)
	at org.junit.runners.BlockJUnit4ClassRunner.runChild(BlockJUnit4ClassRunner.java:68)
	at org.junit.runners.BlockJUnit4ClassRunner.runChild(BlockJUnit4ClassRunner.java:47)
	at org.junit.runners.ParentRunner$3.run(ParentRunner.java:231)
	at org.junit.runners.ParentRunner$1.schedule(ParentRunner.java:60)
	at org.junit.runners.ParentRunner.runChildren(ParentRunner.java:229)
	at org.junit.runners.ParentRunner.access$000(ParentRunner.java:50)
	at org.junit.runners.ParentRunner$2.evaluate(ParentRunner.java:222)
	at org.junit.runners.ParentRunner.run(ParentRunner.java:300)
	at org.junit.runners.Suite.runChild(Suite.java:128)
	at org.junit.runners.Suite.runChild(Suite.java:24)
	at org.junit.runners.ParentRunner$3.run(ParentRunner.java:231)
	at java.util.concurrent.Executors$RunnableAdapter.call(Executors.java:439)
	at java.util.concurrent.FutureTask$Sync.innerRun(FutureTask.java:303)
	at java.util.concurrent.FutureTask.run(FutureTask.java:138)
	at java.util.concurrent.ThreadPoolExecutor$Worker.runTask(ThreadPoolExecutor.java:886)
	at java.util.concurrent.ThreadPoolExecutor$Worker.run(ThreadPoolExecutor.java:908)
	at java.lang.Thread.run(Thread.java:680)
</error>
    <system-err>2013-03-06 19:59:25,681 INFO  [pool-1-thread-1] hbase.ResourceChecker(147): before: filter.TestFilter#testKeyOnlyFilter Thread=12, OpenFileDescriptor=114, MaxFileDescriptor=1000000, ConnectionCount=0
2013-03-06 19:59:25,682 INFO  [pool-1-thread-1] hbase.HBaseTestingUtility(291): System.getProperty(&quot;hadoop.log.dir&quot;) already set to: /Users/daidong/github/local/DominoHBase/hbase-server/target/test-data/c7e3b3bf-66f3-482b-9613-8cbfd1163ed8/hadoop-log-dir so I do NOT create it in target/test-data/a2c0c321-24d1-4354-a09b-49368290fc62
2013-03-06 19:59:25,682 WARN  [pool-1-thread-1] hbase.HBaseTestingUtility(295): hadoop.log.dir property value differs in configuration and system: Configuration=/Users/daidong/github/local/DominoHBase/hbase-server/../logs while System=/Users/daidong/github/local/DominoHBase/hbase-server/target/test-data/c7e3b3bf-66f3-482b-9613-8cbfd1163ed8/hadoop-log-dir Erasing configuration value by system value.
2013-03-06 19:59:25,682 INFO  [pool-1-thread-1] hbase.HBaseTestingUtility(291): System.getProperty(&quot;hadoop.tmp.dir&quot;) already set to: /Users/daidong/github/local/DominoHBase/hbase-server/target/test-data/c7e3b3bf-66f3-482b-9613-8cbfd1163ed8/hadoop-tmp-dir so I do NOT create it in target/test-data/a2c0c321-24d1-4354-a09b-49368290fc62
2013-03-06 19:59:25,682 WARN  [pool-1-thread-1] hbase.HBaseTestingUtility(295): hadoop.tmp.dir property value differs in configuration and system: Configuration=/tmp/hadoop-daidong while System=/Users/daidong/github/local/DominoHBase/hbase-server/target/test-data/c7e3b3bf-66f3-482b-9613-8cbfd1163ed8/hadoop-tmp-dir Erasing configuration value by system value.
2013-03-06 19:59:25,684 INFO  [pool-1-thread-1] regionserver.HRegion(3895): creating HRegion TestFilter HTD == &apos;TestFilter&apos;, {NAME =&gt; &apos;f1&apos;, DATA_BLOCK_ENCODING =&gt; &apos;NONE&apos;, BLOOMFILTER =&gt; &apos;NONE&apos;, REPLICATION_SCOPE =&gt; &apos;0&apos;, COMPRESSION =&gt; &apos;NONE&apos;, VERSIONS =&gt; &apos;3&apos;, TTL =&gt; &apos;2147483647&apos;, MIN_VERSIONS =&gt; &apos;0&apos;, KEEP_DELETED_CELLS =&gt; &apos;false&apos;, BLOCKSIZE =&gt; &apos;65536&apos;, ENCODE_ON_DISK =&gt; &apos;true&apos;, IN_MEMORY =&gt; &apos;false&apos;, BLOCKCACHE =&gt; &apos;true&apos;}, {NAME =&gt; &apos;f2&apos;, DATA_BLOCK_ENCODING =&gt; &apos;NONE&apos;, BLOOMFILTER =&gt; &apos;NONE&apos;, REPLICATION_SCOPE =&gt; &apos;0&apos;, COMPRESSION =&gt; &apos;NONE&apos;, VERSIONS =&gt; &apos;3&apos;, TTL =&gt; &apos;2147483647&apos;, MIN_VERSIONS =&gt; &apos;0&apos;, KEEP_DELETED_CELLS =&gt; &apos;false&apos;, BLOCKSIZE =&gt; &apos;65536&apos;, ENCODE_ON_DISK =&gt; &apos;true&apos;, IN_MEMORY =&gt; &apos;false&apos;, BLOCKCACHE =&gt; &apos;true&apos;}, {NAME =&gt; &apos;testFamilyFour&apos;, DATA_BLOCK_ENCODING =&gt; &apos;NONE&apos;, BLOOMFILTER =&gt; &apos;NONE&apos;, REPLICATION_SCOPE =&gt; &apos;0&apos;, COMPRESSION =&gt; &apos;NONE&apos;, VERSIONS =&gt; &apos;3&apos;, TTL =&gt; &apos;2147483647&apos;, MIN_VERSIONS =&gt; &apos;0&apos;, KEEP_DELETED_CELLS =&gt; &apos;false&apos;, BLOCKSIZE =&gt; &apos;65536&apos;, ENCODE_ON_DISK =&gt; &apos;true&apos;, IN_MEMORY =&gt; &apos;false&apos;, BLOCKCACHE =&gt; &apos;true&apos;}, {NAME =&gt; &apos;testFamilyOne&apos;, DATA_BLOCK_ENCODING =&gt; &apos;NONE&apos;, BLOOMFILTER =&gt; &apos;NONE&apos;, REPLICATION_SCOPE =&gt; &apos;0&apos;, COMPRESSION =&gt; &apos;NONE&apos;, VERSIONS =&gt; &apos;3&apos;, TTL =&gt; &apos;2147483647&apos;, MIN_VERSIONS =&gt; &apos;0&apos;, KEEP_DELETED_CELLS =&gt; &apos;false&apos;, BLOCKSIZE =&gt; &apos;65536&apos;, ENCODE_ON_DISK =&gt; &apos;true&apos;, IN_MEMORY =&gt; &apos;false&apos;, BLOCKCACHE =&gt; &apos;true&apos;}, {NAME =&gt; &apos;testFamilyThree&apos;, DATA_BLOCK_ENCODING =&gt; &apos;NONE&apos;, BLOOMFILTER =&gt; &apos;NONE&apos;, REPLICATION_SCOPE =&gt; &apos;0&apos;, COMPRESSION =&gt; &apos;NONE&apos;, VERSIONS =&gt; &apos;3&apos;, TTL =&gt; &apos;2147483647&apos;, MIN_VERSIONS =&gt; &apos;0&apos;, KEEP_DELETED_CELLS =&gt; &apos;false&apos;, BLOCKSIZE =&gt; &apos;65536&apos;, ENCODE_ON_DISK =&gt; &apos;true&apos;, IN_MEMORY =&gt; &apos;false&apos;, BLOCKCACHE =&gt; &apos;true&apos;}, {NAME =&gt; &apos;testFamilyTwo&apos;, DATA_BLOCK_ENCODING =&gt; &apos;NONE&apos;, BLOOMFILTER =&gt; &apos;NONE&apos;, REPLICATION_SCOPE =&gt; &apos;0&apos;, COMPRESSION =&gt; &apos;NONE&apos;, VERSIONS =&gt; &apos;3&apos;, TTL =&gt; &apos;2147483647&apos;, MIN_VERSIONS =&gt; &apos;0&apos;, KEEP_DELETED_CELLS =&gt; &apos;false&apos;, BLOCKSIZE =&gt; &apos;65536&apos;, ENCODE_ON_DISK =&gt; &apos;true&apos;, IN_MEMORY =&gt; &apos;false&apos;, BLOCKCACHE =&gt; &apos;true&apos;} RootDir = /Users/daidong/github/local/DominoHBase/hbase-server/target/test-data/a2c0c321-24d1-4354-a09b-49368290fc62 Table name == TestFilter
2013-03-06 19:59:25,685 INFO  [pool-1-thread-1] wal.FSHLog(333): HLog configuration: blocksize=32 MB, rollsize=30.4 MB, enabled=true, optionallogflushinternal=1000ms
2013-03-06 19:59:25,688 DEBUG [pool-1-thread-1] wal.SequenceFileLogWriter(189): using new createWriter -- HADOOP-6840
2013-03-06 19:59:25,690 DEBUG [pool-1-thread-1] wal.SequenceFileLogWriter(193): Path=/Users/daidong/github/local/DominoHBase/hbase-server/target/test-data/a2c0c321-24d1-4354-a09b-49368290fc62/TestFilter/92d269a5ba4dc477d6688a6e6fa8ae85/.logs/hlog.1362571165686, compression=false
2013-03-06 19:59:25,695 INFO  [pool-1-thread-1] wal.FSHLog(519):  for /Users/daidong/github/local/DominoHBase/hbase-server/target/test-data/a2c0c321-24d1-4354-a09b-49368290fc62/TestFilter/92d269a5ba4dc477d6688a6e6fa8ae85/.logs/hlog.1362571165686
2013-03-06 19:59:25,697 INFO  [pool-1-thread-1] wal.FSHLog(409): FileSystem&apos;s output stream doesn&apos;t support getNumCurrentReplicas; --HDFS-826 not available; fsOut=org.apache.hadoop.fs.ChecksumFileSystem$ChecksumFSOutputSummer
2013-03-06 19:59:25,698 DEBUG [pool-1-thread-1] regionserver.HRegion(495): Instantiated TestFilter,,1362571165681.92d269a5ba4dc477d6688a6e6fa8ae85.
2013-03-06 19:59:25,724 DEBUG [pool-1-thread-1] util.FSUtils(165): Creating file=/Users/daidong/github/local/DominoHBase/hbase-server/target/test-data/a2c0c321-24d1-4354-a09b-49368290fc62/TestFilter/92d269a5ba4dc477d6688a6e6fa8ae85/.tmp/.regioninfo with permission=rwxrwxrwx
2013-03-06 19:59:25,730 INFO  [StoreOpenerThread-TestFilter,,1362571165681.92d269a5ba4dc477d6688a6e6fa8ae85.-1] compactions.CompactionConfiguration(97): Compaction configuration size [134217728, 9223372036854775807); files [3, 10); ratio 1.200000; off-peak ratio 5.000000; off-peak hours -1--1; throttle point 2684354560; delete expired; major period 86400000, major jitter 0.200000
2013-03-06 19:59:25,732 INFO  [StoreOpenerThread-TestFilter,,1362571165681.92d269a5ba4dc477d6688a6e6fa8ae85.-1] compactions.CompactionConfiguration(97): Compaction configuration size [134217728, 9223372036854775807); files [3, 10); ratio 1.200000; off-peak ratio 5.000000; off-peak hours -1--1; throttle point 2684354560; delete expired; major period 86400000, major jitter 0.200000
2013-03-06 19:59:25,734 INFO  [StoreOpenerThread-TestFilter,,1362571165681.92d269a5ba4dc477d6688a6e6fa8ae85.-1] compactions.CompactionConfiguration(97): Compaction configuration size [134217728, 9223372036854775807); files [3, 10); ratio 1.200000; off-peak ratio 5.000000; off-peak hours -1--1; throttle point 2684354560; delete expired; major period 86400000, major jitter 0.200000
2013-03-06 19:59:25,735 INFO  [StoreOpenerThread-TestFilter,,1362571165681.92d269a5ba4dc477d6688a6e6fa8ae85.-1] compactions.CompactionConfiguration(97): Compaction configuration size [134217728, 9223372036854775807); files [3, 10); ratio 1.200000; off-peak ratio 5.000000; off-peak hours -1--1; throttle point 2684354560; delete expired; major period 86400000, major jitter 0.200000
2013-03-06 19:59:25,737 INFO  [StoreOpenerThread-TestFilter,,1362571165681.92d269a5ba4dc477d6688a6e6fa8ae85.-1] compactions.CompactionConfiguration(97): Compaction configuration size [134217728, 9223372036854775807); files [3, 10); ratio 1.200000; off-peak ratio 5.000000; off-peak hours -1--1; throttle point 2684354560; delete expired; major period 86400000, major jitter 0.200000
2013-03-06 19:59:25,740 INFO  [StoreOpenerThread-TestFilter,,1362571165681.92d269a5ba4dc477d6688a6e6fa8ae85.-1] compactions.CompactionConfiguration(97): Compaction configuration size [134217728, 9223372036854775807); files [3, 10); ratio 1.200000; off-peak ratio 5.000000; off-peak hours -1--1; throttle point 2684354560; delete expired; major period 86400000, major jitter 0.200000
2013-03-06 19:59:25,741 INFO  [pool-1-thread-1] regionserver.HRegion(640): Onlined TestFilter,,1362571165681.92d269a5ba4dc477d6688a6e6fa8ae85.; next sequenceid=1
2013-03-06 19:59:25,742 INFO  [pool-1-thread-1] regionserver.HRegion(5337): writing data to region TestFilter,,1362571165681.92d269a5ba4dc477d6688a6e6fa8ae85. with WAL disabled. Data may be lost in the event of a crash.
2013-03-06 19:59:25,744 DEBUG [pool-1-thread-1] regionserver.HRegion(1497): Started memstore flush for TestFilter,,1362571165681.92d269a5ba4dc477d6688a6e6fa8ae85., current region memstore size 6.8k
2013-03-06 19:59:25,744 DEBUG [pool-1-thread-1] regionserver.HRegion(1545): Finished snapshotting TestFilter,,1362571165681.92d269a5ba4dc477d6688a6e6fa8ae85., commencing wait for mvcc, flushsize=6912
2013-03-06 19:59:25,744 DEBUG [pool-1-thread-1] regionserver.HRegion(1555): Finished snapshotting, commencing flushing stores
2013-03-06 19:59:25,746 DEBUG [pool-1-thread-1] util.FSUtils(165): Creating file=/Users/daidong/github/local/DominoHBase/hbase-server/target/test-data/a2c0c321-24d1-4354-a09b-49368290fc62/TestFilter/92d269a5ba4dc477d6688a6e6fa8ae85/.tmp/42aa80568f544f1c91771e0a45ef2ba7 with permission=rwxrwxrwx
2013-03-06 19:59:25,751 DEBUG [pool-1-thread-1] hfile.HFileWriterV2(141): Initialized with CacheConfig:enabled [cacheDataOnRead=true] [cacheDataOnWrite=false] [cacheIndexesOnWrite=false] [cacheBloomsOnWrite=false] [cacheEvictOnClose=false] [cacheCompressed=false]
2013-03-06 19:59:25,751 INFO  [pool-1-thread-1] regionserver.StoreFile$Writer(1040): Delete Family Bloom filter type for /Users/daidong/github/local/DominoHBase/hbase-server/target/test-data/a2c0c321-24d1-4354-a09b-49368290fc62/TestFilter/92d269a5ba4dc477d6688a6e6fa8ae85/.tmp/42aa80568f544f1c91771e0a45ef2ba7: CompoundBloomFilterWriter
2013-03-06 19:59:25,753 INFO  [pool-1-thread-1] regionserver.StoreFile$Writer(1260): NO General Bloom and NO DeleteFamily was added to HFile (/Users/daidong/github/local/DominoHBase/hbase-server/target/test-data/a2c0c321-24d1-4354-a09b-49368290fc62/TestFilter/92d269a5ba4dc477d6688a6e6fa8ae85/.tmp/42aa80568f544f1c91771e0a45ef2ba7) 
2013-03-06 19:59:25,753 INFO  [pool-1-thread-1] regionserver.HStore(816): Flushed , sequenceid=1, memsize=3.4k, into tmp file /Users/daidong/github/local/DominoHBase/hbase-server/target/test-data/a2c0c321-24d1-4354-a09b-49368290fc62/TestFilter/92d269a5ba4dc477d6688a6e6fa8ae85/.tmp/42aa80568f544f1c91771e0a45ef2ba7
2013-03-06 19:59:25,754 DEBUG [pool-1-thread-1] util.FSUtils(165): Creating file=/Users/daidong/github/local/DominoHBase/hbase-server/target/test-data/a2c0c321-24d1-4354-a09b-49368290fc62/TestFilter/92d269a5ba4dc477d6688a6e6fa8ae85/.tmp/d15de8cbc29544fdb3d2154949e007c9 with permission=rwxrwxrwx
2013-03-06 19:59:25,757 DEBUG [pool-1-thread-1] hfile.HFileWriterV2(141): Initialized with CacheConfig:enabled [cacheDataOnRead=true] [cacheDataOnWrite=false] [cacheIndexesOnWrite=false] [cacheBloomsOnWrite=false] [cacheEvictOnClose=false] [cacheCompressed=false]
2013-03-06 19:59:25,758 INFO  [pool-1-thread-1] regionserver.StoreFile$Writer(1040): Delete Family Bloom filter type for /Users/daidong/github/local/DominoHBase/hbase-server/target/test-data/a2c0c321-24d1-4354-a09b-49368290fc62/TestFilter/92d269a5ba4dc477d6688a6e6fa8ae85/.tmp/d15de8cbc29544fdb3d2154949e007c9: CompoundBloomFilterWriter
2013-03-06 19:59:25,760 INFO  [pool-1-thread-1] regionserver.StoreFile$Writer(1260): NO General Bloom and NO DeleteFamily was added to HFile (/Users/daidong/github/local/DominoHBase/hbase-server/target/test-data/a2c0c321-24d1-4354-a09b-49368290fc62/TestFilter/92d269a5ba4dc477d6688a6e6fa8ae85/.tmp/d15de8cbc29544fdb3d2154949e007c9) 
2013-03-06 19:59:25,760 INFO  [pool-1-thread-1] regionserver.HStore(816): Flushed , sequenceid=1, memsize=3.4k, into tmp file /Users/daidong/github/local/DominoHBase/hbase-server/target/test-data/a2c0c321-24d1-4354-a09b-49368290fc62/TestFilter/92d269a5ba4dc477d6688a6e6fa8ae85/.tmp/d15de8cbc29544fdb3d2154949e007c9
2013-03-06 19:59:25,763 DEBUG [pool-1-thread-1] regionserver.HStore(841): Renaming flushed file at /Users/daidong/github/local/DominoHBase/hbase-server/target/test-data/a2c0c321-24d1-4354-a09b-49368290fc62/TestFilter/92d269a5ba4dc477d6688a6e6fa8ae85/.tmp/42aa80568f544f1c91771e0a45ef2ba7 to /Users/daidong/github/local/DominoHBase/hbase-server/target/test-data/a2c0c321-24d1-4354-a09b-49368290fc62/TestFilter/92d269a5ba4dc477d6688a6e6fa8ae85/testFamilyOne/42aa80568f544f1c91771e0a45ef2ba7
2013-03-06 19:59:25,766 INFO  [pool-1-thread-1] regionserver.HStore(856): Added /Users/daidong/github/local/DominoHBase/hbase-server/target/test-data/a2c0c321-24d1-4354-a09b-49368290fc62/TestFilter/92d269a5ba4dc477d6688a6e6fa8ae85/testFamilyOne/42aa80568f544f1c91771e0a45ef2ba7, entries=16, sequenceid=1, filesize=2.0k
2013-03-06 19:59:25,768 DEBUG [pool-1-thread-1] regionserver.HStore(841): Renaming flushed file at /Users/daidong/github/local/DominoHBase/hbase-server/target/test-data/a2c0c321-24d1-4354-a09b-49368290fc62/TestFilter/92d269a5ba4dc477d6688a6e6fa8ae85/.tmp/d15de8cbc29544fdb3d2154949e007c9 to /Users/daidong/github/local/DominoHBase/hbase-server/target/test-data/a2c0c321-24d1-4354-a09b-49368290fc62/TestFilter/92d269a5ba4dc477d6688a6e6fa8ae85/testFamilyTwo/d15de8cbc29544fdb3d2154949e007c9
2013-03-06 19:59:25,771 INFO  [pool-1-thread-1] regionserver.HStore(856): Added /Users/daidong/github/local/DominoHBase/hbase-server/target/test-data/a2c0c321-24d1-4354-a09b-49368290fc62/TestFilter/92d269a5ba4dc477d6688a6e6fa8ae85/testFamilyTwo/d15de8cbc29544fdb3d2154949e007c9, entries=16, sequenceid=1, filesize=2.0k
2013-03-06 19:59:25,771 INFO  [pool-1-thread-1] regionserver.HRegion(1634): Finished memstore flush of ~6.8k/6912, currentsize=0.0/0 for region TestFilter,,1362571165681.92d269a5ba4dc477d6688a6e6fa8ae85. in 27ms, sequenceid=1, compaction requested=false
2013-03-06 19:59:25,772 INFO  [pool-1-thread-1] regionserver.HRegion(5337): writing data to region TestFilter,,1362571165681.92d269a5ba4dc477d6688a6e6fa8ae85. with WAL disabled. Data may be lost in the event of a crash.
2013-03-06 19:59:25,775 DEBUG [pool-1-thread-1] regionserver.HRegion(2657): rollbackMemstore rolled back 2 keyvalues from start:0 to end:1
2013-03-06 19:59:25,775 DEBUG [pool-1-thread-1] regionserver.HRegion(975): Closing TestFilter,,1362571165681.92d269a5ba4dc477d6688a6e6fa8ae85.: disabling compactions &amp; flushes
2013-03-06 19:59:25,775 DEBUG [pool-1-thread-1] regionserver.HRegion(997): Updates disabled for region TestFilter,,1362571165681.92d269a5ba4dc477d6688a6e6fa8ae85.
2013-03-06 19:59:25,775 DEBUG [pool-1-thread-1] regionserver.HRegion(1497): Started memstore flush for TestFilter,,1362571165681.92d269a5ba4dc477d6688a6e6fa8ae85., current region memstore size 6.8k
2013-03-06 19:59:25,776 DEBUG [pool-1-thread-1] regionserver.HRegion(1545): Finished snapshotting TestFilter,,1362571165681.92d269a5ba4dc477d6688a6e6fa8ae85., commencing wait for mvcc, flushsize=6912
2013-03-06 19:59:25,776 DEBUG [pool-1-thread-1] regionserver.HRegion(1555): Finished snapshotting, commencing flushing stores
2013-03-06 19:59:25,776 DEBUG [pool-1-thread-1] util.FSUtils(165): Creating file=/Users/daidong/github/local/DominoHBase/hbase-server/target/test-data/a2c0c321-24d1-4354-a09b-49368290fc62/TestFilter/92d269a5ba4dc477d6688a6e6fa8ae85/.tmp/d02c97c9f96446a29a2ea76bcb72fa8e with permission=rwxrwxrwx
2013-03-06 19:59:25,778 DEBUG [pool-1-thread-1] hfile.HFileWriterV2(141): Initialized with CacheConfig:enabled [cacheDataOnRead=true] [cacheDataOnWrite=false] [cacheIndexesOnWrite=false] [cacheBloomsOnWrite=false] [cacheEvictOnClose=false] [cacheCompressed=false]
2013-03-06 19:59:25,778 INFO  [pool-1-thread-1] regionserver.StoreFile$Writer(1040): Delete Family Bloom filter type for /Users/daidong/github/local/DominoHBase/hbase-server/target/test-data/a2c0c321-24d1-4354-a09b-49368290fc62/TestFilter/92d269a5ba4dc477d6688a6e6fa8ae85/.tmp/d02c97c9f96446a29a2ea76bcb72fa8e: CompoundBloomFilterWriter
2013-03-06 19:59:25,779 INFO  [pool-1-thread-1] regionserver.StoreFile$Writer(1260): NO General Bloom and NO DeleteFamily was added to HFile (/Users/daidong/github/local/DominoHBase/hbase-server/target/test-data/a2c0c321-24d1-4354-a09b-49368290fc62/TestFilter/92d269a5ba4dc477d6688a6e6fa8ae85/.tmp/d02c97c9f96446a29a2ea76bcb72fa8e) 
2013-03-06 19:59:25,779 INFO  [pool-1-thread-1] regionserver.HStore(816): Flushed , sequenceid=3, memsize=3.4k, into tmp file /Users/daidong/github/local/DominoHBase/hbase-server/target/test-data/a2c0c321-24d1-4354-a09b-49368290fc62/TestFilter/92d269a5ba4dc477d6688a6e6fa8ae85/.tmp/d02c97c9f96446a29a2ea76bcb72fa8e
2013-03-06 19:59:25,782 DEBUG [pool-1-thread-1] util.FSUtils(165): Creating file=/Users/daidong/github/local/DominoHBase/hbase-server/target/test-data/a2c0c321-24d1-4354-a09b-49368290fc62/TestFilter/92d269a5ba4dc477d6688a6e6fa8ae85/.tmp/a474695e93ba4fbfb35674ee9bfca07a with permission=rwxrwxrwx
2013-03-06 19:59:25,784 DEBUG [pool-1-thread-1] hfile.HFileWriterV2(141): Initialized with CacheConfig:enabled [cacheDataOnRead=true] [cacheDataOnWrite=false] [cacheIndexesOnWrite=false] [cacheBloomsOnWrite=false] [cacheEvictOnClose=false] [cacheCompressed=false]
2013-03-06 19:59:25,784 INFO  [pool-1-thread-1] regionserver.StoreFile$Writer(1040): Delete Family Bloom filter type for /Users/daidong/github/local/DominoHBase/hbase-server/target/test-data/a2c0c321-24d1-4354-a09b-49368290fc62/TestFilter/92d269a5ba4dc477d6688a6e6fa8ae85/.tmp/a474695e93ba4fbfb35674ee9bfca07a: CompoundBloomFilterWriter
2013-03-06 19:59:25,785 INFO  [pool-1-thread-1] regionserver.StoreFile$Writer(1260): NO General Bloom and NO DeleteFamily was added to HFile (/Users/daidong/github/local/DominoHBase/hbase-server/target/test-data/a2c0c321-24d1-4354-a09b-49368290fc62/TestFilter/92d269a5ba4dc477d6688a6e6fa8ae85/.tmp/a474695e93ba4fbfb35674ee9bfca07a) 
2013-03-06 19:59:25,785 INFO  [pool-1-thread-1] regionserver.HStore(816): Flushed , sequenceid=3, memsize=3.4k, into tmp file /Users/daidong/github/local/DominoHBase/hbase-server/target/test-data/a2c0c321-24d1-4354-a09b-49368290fc62/TestFilter/92d269a5ba4dc477d6688a6e6fa8ae85/.tmp/a474695e93ba4fbfb35674ee9bfca07a
2013-03-06 19:59:25,823 DEBUG [pool-1-thread-1] regionserver.HStore(841): Renaming flushed file at /Users/daidong/github/local/DominoHBase/hbase-server/target/test-data/a2c0c321-24d1-4354-a09b-49368290fc62/TestFilter/92d269a5ba4dc477d6688a6e6fa8ae85/.tmp/d02c97c9f96446a29a2ea76bcb72fa8e to /Users/daidong/github/local/DominoHBase/hbase-server/target/test-data/a2c0c321-24d1-4354-a09b-49368290fc62/TestFilter/92d269a5ba4dc477d6688a6e6fa8ae85/testFamilyOne/d02c97c9f96446a29a2ea76bcb72fa8e
2013-03-06 19:59:25,836 INFO  [pool-1-thread-1] regionserver.HStore(856): Added /Users/daidong/github/local/DominoHBase/hbase-server/target/test-data/a2c0c321-24d1-4354-a09b-49368290fc62/TestFilter/92d269a5ba4dc477d6688a6e6fa8ae85/testFamilyOne/d02c97c9f96446a29a2ea76bcb72fa8e, entries=16, sequenceid=3, filesize=2.0k
2013-03-06 19:59:25,843 DEBUG [pool-1-thread-1] regionserver.HStore(841): Renaming flushed file at /Users/daidong/github/local/DominoHBase/hbase-server/target/test-data/a2c0c321-24d1-4354-a09b-49368290fc62/TestFilter/92d269a5ba4dc477d6688a6e6fa8ae85/.tmp/a474695e93ba4fbfb35674ee9bfca07a to /Users/daidong/github/local/DominoHBase/hbase-server/target/test-data/a2c0c321-24d1-4354-a09b-49368290fc62/TestFilter/92d269a5ba4dc477d6688a6e6fa8ae85/testFamilyTwo/a474695e93ba4fbfb35674ee9bfca07a
2013-03-06 19:59:25,849 INFO  [pool-1-thread-1] regionserver.HStore(856): Added /Users/daidong/github/local/DominoHBase/hbase-server/target/test-data/a2c0c321-24d1-4354-a09b-49368290fc62/TestFilter/92d269a5ba4dc477d6688a6e6fa8ae85/testFamilyTwo/a474695e93ba4fbfb35674ee9bfca07a, entries=16, sequenceid=3, filesize=2.0k
2013-03-06 19:59:25,850 INFO  [pool-1-thread-1] regionserver.HRegion(1634): Finished memstore flush of ~6.8k/6912, currentsize=0.0/0 for region TestFilter,,1362571165681.92d269a5ba4dc477d6688a6e6fa8ae85. in 75ms, sequenceid=3, compaction requested=false
2013-03-06 19:59:25,851 INFO  [StoreCloserThread-TestFilter,,1362571165681.92d269a5ba4dc477d6688a6e6fa8ae85.-1] regionserver.HStore(681): Closed f1
2013-03-06 19:59:25,851 INFO  [StoreCloserThread-TestFilter,,1362571165681.92d269a5ba4dc477d6688a6e6fa8ae85.-1] regionserver.HStore(681): Closed f2
2013-03-06 19:59:25,851 INFO  [StoreCloserThread-TestFilter,,1362571165681.92d269a5ba4dc477d6688a6e6fa8ae85.-1] regionserver.HStore(681): Closed testFamilyFour
2013-03-06 19:59:25,868 INFO  [StoreCloserThread-TestFilter,,1362571165681.92d269a5ba4dc477d6688a6e6fa8ae85.-1] regionserver.HStore(681): Closed testFamilyOne
2013-03-06 19:59:25,869 INFO  [StoreCloserThread-TestFilter,,1362571165681.92d269a5ba4dc477d6688a6e6fa8ae85.-1] regionserver.HStore(681): Closed testFamilyThree
2013-03-06 19:59:25,883 INFO  [StoreCloserThread-TestFilter,,1362571165681.92d269a5ba4dc477d6688a6e6fa8ae85.-1] regionserver.HStore(681): Closed testFamilyTwo
2013-03-06 19:59:25,890 INFO  [pool-1-thread-1] regionserver.HRegion(1050): Closed TestFilter,,1362571165681.92d269a5ba4dc477d6688a6e6fa8ae85.
2013-03-06 19:59:25,891 INFO  [pool-1-thread-1.logSyncer] wal.FSHLog$LogSyncer(998): pool-1-thread-1.logSyncer exiting
2013-03-06 19:59:25,894 DEBUG [pool-1-thread-1] wal.FSHLog(802): closing hlog writer in /Users/daidong/github/local/DominoHBase/hbase-server/target/test-data/a2c0c321-24d1-4354-a09b-49368290fc62/TestFilter/92d269a5ba4dc477d6688a6e6fa8ae85/.logs
2013-03-06 19:59:25,896 DEBUG [pool-1-thread-1] wal.FSHLog(774): Moved 1 log files to /Users/daidong/github/local/DominoHBase/hbase-server/target/test-data/a2c0c321-24d1-4354-a09b-49368290fc62/TestFilter/92d269a5ba4dc477d6688a6e6fa8ae85/.oldlogs
2013-03-06 19:59:25,897 INFO  [pool-1-thread-1] hbase.ResourceChecker(171): after: filter.TestFilter#testKeyOnlyFilter Thread=12 (was 12), OpenFileDescriptor=114 (was 114), MaxFileDescriptor=1000000 (was 1000000), ConnectionCount=0 (was 0)
</system-err>
  </testcase>
  <testcase time="0.001" classname="org.apache.hadoop.hbase.filter.TestFilter" name="testRegionScannerReseek">
    <error type="java.lang.NullPointerException">java.lang.NullPointerException
	at org.apache.hadoop.hbase.trigger.LocalTriggerManage.containsTrigger(LocalTriggerManage.java:39)
	at org.apache.hadoop.hbase.regionserver.wal.WALDetection.checkDispatch(WALDetection.java:27)
	at org.apache.hadoop.hbase.regionserver.wal.FSHLog.doWrite(FSHLog.java:1220)
	at org.apache.hadoop.hbase.regionserver.wal.FSHLog.append(FSHLog.java:915)
	at org.apache.hadoop.hbase.regionserver.wal.FSHLog.appendNoSync(FSHLog.java:937)
	at org.apache.hadoop.hbase.regionserver.HRegion.doMiniBatchMutation(HRegion.java:2261)
	at org.apache.hadoop.hbase.regionserver.HRegion.batchMutate(HRegion.java:2010)
	at org.apache.hadoop.hbase.regionserver.HRegion.doBatchMutate(HRegion.java:2465)
	at org.apache.hadoop.hbase.regionserver.HRegion.delete(HRegion.java:1800)
	at org.apache.hadoop.hbase.filter.TestFilter.setUp(TestFilter.java:182)
	at sun.reflect.NativeMethodAccessorImpl.invoke0(Native Method)
	at sun.reflect.NativeMethodAccessorImpl.invoke(NativeMethodAccessorImpl.java:39)
	at sun.reflect.DelegatingMethodAccessorImpl.invoke(DelegatingMethodAccessorImpl.java:25)
	at java.lang.reflect.Method.invoke(Method.java:597)
	at org.junit.runners.model.FrameworkMethod$1.runReflectiveCall(FrameworkMethod.java:45)
	at org.junit.internal.runners.model.ReflectiveCallable.run(ReflectiveCallable.java:15)
	at org.junit.runners.model.FrameworkMethod.invokeExplosively(FrameworkMethod.java:42)
	at org.junit.internal.runners.statements.RunBefores.evaluate(RunBefores.java:27)
	at org.junit.internal.runners.statements.RunAfters.evaluate(RunAfters.java:30)
	at org.junit.runners.ParentRunner.runLeaf(ParentRunner.java:263)
	at org.junit.runners.BlockJUnit4ClassRunner.runChild(BlockJUnit4ClassRunner.java:68)
	at org.junit.runners.BlockJUnit4ClassRunner.runChild(BlockJUnit4ClassRunner.java:47)
	at org.junit.runners.ParentRunner$3.run(ParentRunner.java:231)
	at org.junit.runners.ParentRunner$1.schedule(ParentRunner.java:60)
	at org.junit.runners.ParentRunner.runChildren(ParentRunner.java:229)
	at org.junit.runners.ParentRunner.access$000(ParentRunner.java:50)
	at org.junit.runners.ParentRunner$2.evaluate(ParentRunner.java:222)
	at org.junit.runners.ParentRunner.run(ParentRunner.java:300)
	at org.junit.runners.Suite.runChild(Suite.java:128)
	at org.junit.runners.Suite.runChild(Suite.java:24)
	at org.junit.runners.ParentRunner$3.run(ParentRunner.java:231)
	at java.util.concurrent.Executors$RunnableAdapter.call(Executors.java:439)
	at java.util.concurrent.FutureTask$Sync.innerRun(FutureTask.java:303)
	at java.util.concurrent.FutureTask.run(FutureTask.java:138)
	at java.util.concurrent.ThreadPoolExecutor$Worker.runTask(ThreadPoolExecutor.java:886)
	at java.util.concurrent.ThreadPoolExecutor$Worker.run(ThreadPoolExecutor.java:908)
	at java.lang.Thread.run(Thread.java:680)
</error>
    <system-err>2013-03-06 19:59:25,898 INFO  [pool-1-thread-1] hbase.ResourceChecker(147): before: filter.TestFilter#testRegionScannerReseek Thread=12, OpenFileDescriptor=114, MaxFileDescriptor=1000000, ConnectionCount=0
2013-03-06 19:59:25,902 INFO  [pool-1-thread-1] regionserver.HRegion(3895): creating HRegion TestFilter HTD == &apos;TestFilter&apos;, {NAME =&gt; &apos;f1&apos;, DATA_BLOCK_ENCODING =&gt; &apos;NONE&apos;, BLOOMFILTER =&gt; &apos;NONE&apos;, REPLICATION_SCOPE =&gt; &apos;0&apos;, COMPRESSION =&gt; &apos;NONE&apos;, VERSIONS =&gt; &apos;3&apos;, TTL =&gt; &apos;2147483647&apos;, MIN_VERSIONS =&gt; &apos;0&apos;, KEEP_DELETED_CELLS =&gt; &apos;false&apos;, BLOCKSIZE =&gt; &apos;65536&apos;, ENCODE_ON_DISK =&gt; &apos;true&apos;, IN_MEMORY =&gt; &apos;false&apos;, BLOCKCACHE =&gt; &apos;true&apos;}, {NAME =&gt; &apos;f2&apos;, DATA_BLOCK_ENCODING =&gt; &apos;NONE&apos;, BLOOMFILTER =&gt; &apos;NONE&apos;, REPLICATION_SCOPE =&gt; &apos;0&apos;, COMPRESSION =&gt; &apos;NONE&apos;, VERSIONS =&gt; &apos;3&apos;, TTL =&gt; &apos;2147483647&apos;, MIN_VERSIONS =&gt; &apos;0&apos;, KEEP_DELETED_CELLS =&gt; &apos;false&apos;, BLOCKSIZE =&gt; &apos;65536&apos;, ENCODE_ON_DISK =&gt; &apos;true&apos;, IN_MEMORY =&gt; &apos;false&apos;, BLOCKCACHE =&gt; &apos;true&apos;}, {NAME =&gt; &apos;testFamilyFour&apos;, DATA_BLOCK_ENCODING =&gt; &apos;NONE&apos;, BLOOMFILTER =&gt; &apos;NONE&apos;, REPLICATION_SCOPE =&gt; &apos;0&apos;, COMPRESSION =&gt; &apos;NONE&apos;, VERSIONS =&gt; &apos;3&apos;, TTL =&gt; &apos;2147483647&apos;, MIN_VERSIONS =&gt; &apos;0&apos;, KEEP_DELETED_CELLS =&gt; &apos;false&apos;, BLOCKSIZE =&gt; &apos;65536&apos;, ENCODE_ON_DISK =&gt; &apos;true&apos;, IN_MEMORY =&gt; &apos;false&apos;, BLOCKCACHE =&gt; &apos;true&apos;}, {NAME =&gt; &apos;testFamilyOne&apos;, DATA_BLOCK_ENCODING =&gt; &apos;NONE&apos;, BLOOMFILTER =&gt; &apos;NONE&apos;, REPLICATION_SCOPE =&gt; &apos;0&apos;, COMPRESSION =&gt; &apos;NONE&apos;, VERSIONS =&gt; &apos;3&apos;, TTL =&gt; &apos;2147483647&apos;, MIN_VERSIONS =&gt; &apos;0&apos;, KEEP_DELETED_CELLS =&gt; &apos;false&apos;, BLOCKSIZE =&gt; &apos;65536&apos;, ENCODE_ON_DISK =&gt; &apos;true&apos;, IN_MEMORY =&gt; &apos;false&apos;, BLOCKCACHE =&gt; &apos;true&apos;}, {NAME =&gt; &apos;testFamilyThree&apos;, DATA_BLOCK_ENCODING =&gt; &apos;NONE&apos;, BLOOMFILTER =&gt; &apos;NONE&apos;, REPLICATION_SCOPE =&gt; &apos;0&apos;, COMPRESSION =&gt; &apos;NONE&apos;, VERSIONS =&gt; &apos;3&apos;, TTL =&gt; &apos;2147483647&apos;, MIN_VERSIONS =&gt; &apos;0&apos;, KEEP_DELETED_CELLS =&gt; &apos;false&apos;, BLOCKSIZE =&gt; &apos;65536&apos;, ENCODE_ON_DISK =&gt; &apos;true&apos;, IN_MEMORY =&gt; &apos;false&apos;, BLOCKCACHE =&gt; &apos;true&apos;}, {NAME =&gt; &apos;testFamilyTwo&apos;, DATA_BLOCK_ENCODING =&gt; &apos;NONE&apos;, BLOOMFILTER =&gt; &apos;NONE&apos;, REPLICATION_SCOPE =&gt; &apos;0&apos;, COMPRESSION =&gt; &apos;NONE&apos;, VERSIONS =&gt; &apos;3&apos;, TTL =&gt; &apos;2147483647&apos;, MIN_VERSIONS =&gt; &apos;0&apos;, KEEP_DELETED_CELLS =&gt; &apos;false&apos;, BLOCKSIZE =&gt; &apos;65536&apos;, ENCODE_ON_DISK =&gt; &apos;true&apos;, IN_MEMORY =&gt; &apos;false&apos;, BLOCKCACHE =&gt; &apos;true&apos;} RootDir = /Users/daidong/github/local/DominoHBase/hbase-server/target/test-data/a2c0c321-24d1-4354-a09b-49368290fc62 Table name == TestFilter
2013-03-06 19:59:25,903 INFO  [pool-1-thread-1] wal.FSHLog(333): HLog configuration: blocksize=32 MB, rollsize=30.4 MB, enabled=true, optionallogflushinternal=1000ms
2013-03-06 19:59:25,907 DEBUG [pool-1-thread-1] wal.SequenceFileLogWriter(189): using new createWriter -- HADOOP-6840
2013-03-06 19:59:25,907 DEBUG [pool-1-thread-1] wal.SequenceFileLogWriter(193): Path=/Users/daidong/github/local/DominoHBase/hbase-server/target/test-data/a2c0c321-24d1-4354-a09b-49368290fc62/TestFilter/42c09c6f74df7836daf82793f659b531/.logs/hlog.1362571165904, compression=false
2013-03-06 19:59:25,907 INFO  [pool-1-thread-1] wal.FSHLog(519):  for /Users/daidong/github/local/DominoHBase/hbase-server/target/test-data/a2c0c321-24d1-4354-a09b-49368290fc62/TestFilter/42c09c6f74df7836daf82793f659b531/.logs/hlog.1362571165904
2013-03-06 19:59:25,907 INFO  [pool-1-thread-1] wal.FSHLog(409): FileSystem&apos;s output stream doesn&apos;t support getNumCurrentReplicas; --HDFS-826 not available; fsOut=org.apache.hadoop.fs.ChecksumFileSystem$ChecksumFSOutputSummer
2013-03-06 19:59:25,908 DEBUG [pool-1-thread-1] regionserver.HRegion(495): Instantiated TestFilter,,1362571165900.42c09c6f74df7836daf82793f659b531.
2013-03-06 19:59:25,909 DEBUG [pool-1-thread-1] util.FSUtils(165): Creating file=/Users/daidong/github/local/DominoHBase/hbase-server/target/test-data/a2c0c321-24d1-4354-a09b-49368290fc62/TestFilter/42c09c6f74df7836daf82793f659b531/.tmp/.regioninfo with permission=rwxrwxrwx
2013-03-06 19:59:25,916 INFO  [StoreOpenerThread-TestFilter,,1362571165900.42c09c6f74df7836daf82793f659b531.-1] compactions.CompactionConfiguration(97): Compaction configuration size [134217728, 9223372036854775807); files [3, 10); ratio 1.200000; off-peak ratio 5.000000; off-peak hours -1--1; throttle point 2684354560; delete expired; major period 86400000, major jitter 0.200000
2013-03-06 19:59:25,927 INFO  [StoreOpenerThread-TestFilter,,1362571165900.42c09c6f74df7836daf82793f659b531.-1] compactions.CompactionConfiguration(97): Compaction configuration size [134217728, 9223372036854775807); files [3, 10); ratio 1.200000; off-peak ratio 5.000000; off-peak hours -1--1; throttle point 2684354560; delete expired; major period 86400000, major jitter 0.200000
2013-03-06 19:59:25,928 INFO  [StoreOpenerThread-TestFilter,,1362571165900.42c09c6f74df7836daf82793f659b531.-1] compactions.CompactionConfiguration(97): Compaction configuration size [134217728, 9223372036854775807); files [3, 10); ratio 1.200000; off-peak ratio 5.000000; off-peak hours -1--1; throttle point 2684354560; delete expired; major period 86400000, major jitter 0.200000
2013-03-06 19:59:25,929 INFO  [StoreOpenerThread-TestFilter,,1362571165900.42c09c6f74df7836daf82793f659b531.-1] compactions.CompactionConfiguration(97): Compaction configuration size [134217728, 9223372036854775807); files [3, 10); ratio 1.200000; off-peak ratio 5.000000; off-peak hours -1--1; throttle point 2684354560; delete expired; major period 86400000, major jitter 0.200000
2013-03-06 19:59:25,931 INFO  [StoreOpenerThread-TestFilter,,1362571165900.42c09c6f74df7836daf82793f659b531.-1] compactions.CompactionConfiguration(97): Compaction configuration size [134217728, 9223372036854775807); files [3, 10); ratio 1.200000; off-peak ratio 5.000000; off-peak hours -1--1; throttle point 2684354560; delete expired; major period 86400000, major jitter 0.200000
2013-03-06 19:59:25,933 INFO  [StoreOpenerThread-TestFilter,,1362571165900.42c09c6f74df7836daf82793f659b531.-1] compactions.CompactionConfiguration(97): Compaction configuration size [134217728, 9223372036854775807); files [3, 10); ratio 1.200000; off-peak ratio 5.000000; off-peak hours -1--1; throttle point 2684354560; delete expired; major period 86400000, major jitter 0.200000
2013-03-06 19:59:25,937 INFO  [pool-1-thread-1] regionserver.HRegion(640): Onlined TestFilter,,1362571165900.42c09c6f74df7836daf82793f659b531.; next sequenceid=1
2013-03-06 19:59:25,939 INFO  [pool-1-thread-1] regionserver.HRegion(5337): writing data to region TestFilter,,1362571165900.42c09c6f74df7836daf82793f659b531. with WAL disabled. Data may be lost in the event of a crash.
2013-03-06 19:59:25,942 DEBUG [pool-1-thread-1] regionserver.HRegion(1497): Started memstore flush for TestFilter,,1362571165900.42c09c6f74df7836daf82793f659b531., current region memstore size 6.8k
2013-03-06 19:59:25,942 DEBUG [pool-1-thread-1] regionserver.HRegion(1545): Finished snapshotting TestFilter,,1362571165900.42c09c6f74df7836daf82793f659b531., commencing wait for mvcc, flushsize=6912
2013-03-06 19:59:25,942 DEBUG [pool-1-thread-1] regionserver.HRegion(1555): Finished snapshotting, commencing flushing stores
2013-03-06 19:59:25,943 DEBUG [pool-1-thread-1] util.FSUtils(165): Creating file=/Users/daidong/github/local/DominoHBase/hbase-server/target/test-data/a2c0c321-24d1-4354-a09b-49368290fc62/TestFilter/42c09c6f74df7836daf82793f659b531/.tmp/fb8a6934ceba4ac9be95618d563003d1 with permission=rwxrwxrwx
2013-03-06 19:59:25,946 DEBUG [pool-1-thread-1] hfile.HFileWriterV2(141): Initialized with CacheConfig:enabled [cacheDataOnRead=true] [cacheDataOnWrite=false] [cacheIndexesOnWrite=false] [cacheBloomsOnWrite=false] [cacheEvictOnClose=false] [cacheCompressed=false]
2013-03-06 19:59:25,946 INFO  [pool-1-thread-1] regionserver.StoreFile$Writer(1040): Delete Family Bloom filter type for /Users/daidong/github/local/DominoHBase/hbase-server/target/test-data/a2c0c321-24d1-4354-a09b-49368290fc62/TestFilter/42c09c6f74df7836daf82793f659b531/.tmp/fb8a6934ceba4ac9be95618d563003d1: CompoundBloomFilterWriter
2013-03-06 19:59:25,947 INFO  [pool-1-thread-1] regionserver.StoreFile$Writer(1260): NO General Bloom and NO DeleteFamily was added to HFile (/Users/daidong/github/local/DominoHBase/hbase-server/target/test-data/a2c0c321-24d1-4354-a09b-49368290fc62/TestFilter/42c09c6f74df7836daf82793f659b531/.tmp/fb8a6934ceba4ac9be95618d563003d1) 
2013-03-06 19:59:25,947 INFO  [pool-1-thread-1] regionserver.HStore(816): Flushed , sequenceid=1, memsize=3.4k, into tmp file /Users/daidong/github/local/DominoHBase/hbase-server/target/test-data/a2c0c321-24d1-4354-a09b-49368290fc62/TestFilter/42c09c6f74df7836daf82793f659b531/.tmp/fb8a6934ceba4ac9be95618d563003d1
2013-03-06 19:59:25,948 DEBUG [pool-1-thread-1] util.FSUtils(165): Creating file=/Users/daidong/github/local/DominoHBase/hbase-server/target/test-data/a2c0c321-24d1-4354-a09b-49368290fc62/TestFilter/42c09c6f74df7836daf82793f659b531/.tmp/63d7cde0bc524b35b80974564e773fb3 with permission=rwxrwxrwx
2013-03-06 19:59:25,950 DEBUG [pool-1-thread-1] hfile.HFileWriterV2(141): Initialized with CacheConfig:enabled [cacheDataOnRead=true] [cacheDataOnWrite=false] [cacheIndexesOnWrite=false] [cacheBloomsOnWrite=false] [cacheEvictOnClose=false] [cacheCompressed=false]
2013-03-06 19:59:25,950 INFO  [pool-1-thread-1] regionserver.StoreFile$Writer(1040): Delete Family Bloom filter type for /Users/daidong/github/local/DominoHBase/hbase-server/target/test-data/a2c0c321-24d1-4354-a09b-49368290fc62/TestFilter/42c09c6f74df7836daf82793f659b531/.tmp/63d7cde0bc524b35b80974564e773fb3: CompoundBloomFilterWriter
2013-03-06 19:59:25,951 INFO  [pool-1-thread-1] regionserver.StoreFile$Writer(1260): NO General Bloom and NO DeleteFamily was added to HFile (/Users/daidong/github/local/DominoHBase/hbase-server/target/test-data/a2c0c321-24d1-4354-a09b-49368290fc62/TestFilter/42c09c6f74df7836daf82793f659b531/.tmp/63d7cde0bc524b35b80974564e773fb3) 
2013-03-06 19:59:25,952 INFO  [pool-1-thread-1] regionserver.HStore(816): Flushed , sequenceid=1, memsize=3.4k, into tmp file /Users/daidong/github/local/DominoHBase/hbase-server/target/test-data/a2c0c321-24d1-4354-a09b-49368290fc62/TestFilter/42c09c6f74df7836daf82793f659b531/.tmp/63d7cde0bc524b35b80974564e773fb3
2013-03-06 19:59:25,959 DEBUG [pool-1-thread-1] regionserver.HStore(841): Renaming flushed file at /Users/daidong/github/local/DominoHBase/hbase-server/target/test-data/a2c0c321-24d1-4354-a09b-49368290fc62/TestFilter/42c09c6f74df7836daf82793f659b531/.tmp/fb8a6934ceba4ac9be95618d563003d1 to /Users/daidong/github/local/DominoHBase/hbase-server/target/test-data/a2c0c321-24d1-4354-a09b-49368290fc62/TestFilter/42c09c6f74df7836daf82793f659b531/testFamilyOne/fb8a6934ceba4ac9be95618d563003d1
2013-03-06 19:59:25,962 INFO  [pool-1-thread-1] regionserver.HStore(856): Added /Users/daidong/github/local/DominoHBase/hbase-server/target/test-data/a2c0c321-24d1-4354-a09b-49368290fc62/TestFilter/42c09c6f74df7836daf82793f659b531/testFamilyOne/fb8a6934ceba4ac9be95618d563003d1, entries=16, sequenceid=1, filesize=2.0k
2013-03-06 19:59:25,963 DEBUG [pool-1-thread-1] regionserver.HStore(841): Renaming flushed file at /Users/daidong/github/local/DominoHBase/hbase-server/target/test-data/a2c0c321-24d1-4354-a09b-49368290fc62/TestFilter/42c09c6f74df7836daf82793f659b531/.tmp/63d7cde0bc524b35b80974564e773fb3 to /Users/daidong/github/local/DominoHBase/hbase-server/target/test-data/a2c0c321-24d1-4354-a09b-49368290fc62/TestFilter/42c09c6f74df7836daf82793f659b531/testFamilyTwo/63d7cde0bc524b35b80974564e773fb3
2013-03-06 19:59:25,966 INFO  [pool-1-thread-1] regionserver.HStore(856): Added /Users/daidong/github/local/DominoHBase/hbase-server/target/test-data/a2c0c321-24d1-4354-a09b-49368290fc62/TestFilter/42c09c6f74df7836daf82793f659b531/testFamilyTwo/63d7cde0bc524b35b80974564e773fb3, entries=16, sequenceid=1, filesize=2.0k
2013-03-06 19:59:25,967 INFO  [pool-1-thread-1] regionserver.HRegion(1634): Finished memstore flush of ~6.8k/6912, currentsize=0.0/0 for region TestFilter,,1362571165900.42c09c6f74df7836daf82793f659b531. in 25ms, sequenceid=1, compaction requested=false
2013-03-06 19:59:25,968 INFO  [pool-1-thread-1] regionserver.HRegion(5337): writing data to region TestFilter,,1362571165900.42c09c6f74df7836daf82793f659b531. with WAL disabled. Data may be lost in the event of a crash.
2013-03-06 19:59:25,970 DEBUG [pool-1-thread-1] regionserver.HRegion(2657): rollbackMemstore rolled back 2 keyvalues from start:0 to end:1
2013-03-06 19:59:25,971 DEBUG [pool-1-thread-1] regionserver.HRegion(975): Closing TestFilter,,1362571165900.42c09c6f74df7836daf82793f659b531.: disabling compactions &amp; flushes
2013-03-06 19:59:25,971 DEBUG [pool-1-thread-1] regionserver.HRegion(997): Updates disabled for region TestFilter,,1362571165900.42c09c6f74df7836daf82793f659b531.
2013-03-06 19:59:25,971 DEBUG [pool-1-thread-1] regionserver.HRegion(1497): Started memstore flush for TestFilter,,1362571165900.42c09c6f74df7836daf82793f659b531., current region memstore size 6.8k
2013-03-06 19:59:25,971 DEBUG [pool-1-thread-1] regionserver.HRegion(1545): Finished snapshotting TestFilter,,1362571165900.42c09c6f74df7836daf82793f659b531., commencing wait for mvcc, flushsize=6912
2013-03-06 19:59:25,971 DEBUG [pool-1-thread-1] regionserver.HRegion(1555): Finished snapshotting, commencing flushing stores
2013-03-06 19:59:25,972 DEBUG [pool-1-thread-1] util.FSUtils(165): Creating file=/Users/daidong/github/local/DominoHBase/hbase-server/target/test-data/a2c0c321-24d1-4354-a09b-49368290fc62/TestFilter/42c09c6f74df7836daf82793f659b531/.tmp/eca726cb076541ea8b1d536228d63770 with permission=rwxrwxrwx
2013-03-06 19:59:25,974 DEBUG [pool-1-thread-1] hfile.HFileWriterV2(141): Initialized with CacheConfig:enabled [cacheDataOnRead=true] [cacheDataOnWrite=false] [cacheIndexesOnWrite=false] [cacheBloomsOnWrite=false] [cacheEvictOnClose=false] [cacheCompressed=false]
2013-03-06 19:59:25,974 INFO  [pool-1-thread-1] regionserver.StoreFile$Writer(1040): Delete Family Bloom filter type for /Users/daidong/github/local/DominoHBase/hbase-server/target/test-data/a2c0c321-24d1-4354-a09b-49368290fc62/TestFilter/42c09c6f74df7836daf82793f659b531/.tmp/eca726cb076541ea8b1d536228d63770: CompoundBloomFilterWriter
2013-03-06 19:59:25,975 INFO  [pool-1-thread-1] regionserver.StoreFile$Writer(1260): NO General Bloom and NO DeleteFamily was added to HFile (/Users/daidong/github/local/DominoHBase/hbase-server/target/test-data/a2c0c321-24d1-4354-a09b-49368290fc62/TestFilter/42c09c6f74df7836daf82793f659b531/.tmp/eca726cb076541ea8b1d536228d63770) 
2013-03-06 19:59:25,975 INFO  [pool-1-thread-1] regionserver.HStore(816): Flushed , sequenceid=3, memsize=3.4k, into tmp file /Users/daidong/github/local/DominoHBase/hbase-server/target/test-data/a2c0c321-24d1-4354-a09b-49368290fc62/TestFilter/42c09c6f74df7836daf82793f659b531/.tmp/eca726cb076541ea8b1d536228d63770
2013-03-06 19:59:25,976 DEBUG [pool-1-thread-1] util.FSUtils(165): Creating file=/Users/daidong/github/local/DominoHBase/hbase-server/target/test-data/a2c0c321-24d1-4354-a09b-49368290fc62/TestFilter/42c09c6f74df7836daf82793f659b531/.tmp/7edd2c612cb24fb19b766925c142ed0d with permission=rwxrwxrwx
2013-03-06 19:59:25,977 DEBUG [pool-1-thread-1] hfile.HFileWriterV2(141): Initialized with CacheConfig:enabled [cacheDataOnRead=true] [cacheDataOnWrite=false] [cacheIndexesOnWrite=false] [cacheBloomsOnWrite=false] [cacheEvictOnClose=false] [cacheCompressed=false]
2013-03-06 19:59:25,978 INFO  [pool-1-thread-1] regionserver.StoreFile$Writer(1040): Delete Family Bloom filter type for /Users/daidong/github/local/DominoHBase/hbase-server/target/test-data/a2c0c321-24d1-4354-a09b-49368290fc62/TestFilter/42c09c6f74df7836daf82793f659b531/.tmp/7edd2c612cb24fb19b766925c142ed0d: CompoundBloomFilterWriter
2013-03-06 19:59:25,979 INFO  [pool-1-thread-1] regionserver.StoreFile$Writer(1260): NO General Bloom and NO DeleteFamily was added to HFile (/Users/daidong/github/local/DominoHBase/hbase-server/target/test-data/a2c0c321-24d1-4354-a09b-49368290fc62/TestFilter/42c09c6f74df7836daf82793f659b531/.tmp/7edd2c612cb24fb19b766925c142ed0d) 
2013-03-06 19:59:25,979 INFO  [pool-1-thread-1] regionserver.HStore(816): Flushed , sequenceid=3, memsize=3.4k, into tmp file /Users/daidong/github/local/DominoHBase/hbase-server/target/test-data/a2c0c321-24d1-4354-a09b-49368290fc62/TestFilter/42c09c6f74df7836daf82793f659b531/.tmp/7edd2c612cb24fb19b766925c142ed0d
2013-03-06 19:59:25,980 DEBUG [pool-1-thread-1] regionserver.HStore(841): Renaming flushed file at /Users/daidong/github/local/DominoHBase/hbase-server/target/test-data/a2c0c321-24d1-4354-a09b-49368290fc62/TestFilter/42c09c6f74df7836daf82793f659b531/.tmp/eca726cb076541ea8b1d536228d63770 to /Users/daidong/github/local/DominoHBase/hbase-server/target/test-data/a2c0c321-24d1-4354-a09b-49368290fc62/TestFilter/42c09c6f74df7836daf82793f659b531/testFamilyOne/eca726cb076541ea8b1d536228d63770
2013-03-06 19:59:25,983 INFO  [pool-1-thread-1] regionserver.HStore(856): Added /Users/daidong/github/local/DominoHBase/hbase-server/target/test-data/a2c0c321-24d1-4354-a09b-49368290fc62/TestFilter/42c09c6f74df7836daf82793f659b531/testFamilyOne/eca726cb076541ea8b1d536228d63770, entries=16, sequenceid=3, filesize=2.0k
2013-03-06 19:59:25,985 DEBUG [pool-1-thread-1] regionserver.HStore(841): Renaming flushed file at /Users/daidong/github/local/DominoHBase/hbase-server/target/test-data/a2c0c321-24d1-4354-a09b-49368290fc62/TestFilter/42c09c6f74df7836daf82793f659b531/.tmp/7edd2c612cb24fb19b766925c142ed0d to /Users/daidong/github/local/DominoHBase/hbase-server/target/test-data/a2c0c321-24d1-4354-a09b-49368290fc62/TestFilter/42c09c6f74df7836daf82793f659b531/testFamilyTwo/7edd2c612cb24fb19b766925c142ed0d
2013-03-06 19:59:25,988 INFO  [pool-1-thread-1] regionserver.HStore(856): Added /Users/daidong/github/local/DominoHBase/hbase-server/target/test-data/a2c0c321-24d1-4354-a09b-49368290fc62/TestFilter/42c09c6f74df7836daf82793f659b531/testFamilyTwo/7edd2c612cb24fb19b766925c142ed0d, entries=16, sequenceid=3, filesize=2.0k
2013-03-06 19:59:25,989 INFO  [pool-1-thread-1] regionserver.HRegion(1634): Finished memstore flush of ~6.8k/6912, currentsize=0.0/0 for region TestFilter,,1362571165900.42c09c6f74df7836daf82793f659b531. in 18ms, sequenceid=3, compaction requested=false
2013-03-06 19:59:25,989 INFO  [StoreCloserThread-TestFilter,,1362571165900.42c09c6f74df7836daf82793f659b531.-1] regionserver.HStore(681): Closed f1
2013-03-06 19:59:25,990 INFO  [StoreCloserThread-TestFilter,,1362571165900.42c09c6f74df7836daf82793f659b531.-1] regionserver.HStore(681): Closed f2
2013-03-06 19:59:25,990 INFO  [StoreCloserThread-TestFilter,,1362571165900.42c09c6f74df7836daf82793f659b531.-1] regionserver.HStore(681): Closed testFamilyFour
2013-03-06 19:59:25,991 INFO  [StoreCloserThread-TestFilter,,1362571165900.42c09c6f74df7836daf82793f659b531.-1] regionserver.HStore(681): Closed testFamilyOne
2013-03-06 19:59:25,991 INFO  [StoreCloserThread-TestFilter,,1362571165900.42c09c6f74df7836daf82793f659b531.-1] regionserver.HStore(681): Closed testFamilyThree
2013-03-06 19:59:25,993 INFO  [StoreCloserThread-TestFilter,,1362571165900.42c09c6f74df7836daf82793f659b531.-1] regionserver.HStore(681): Closed testFamilyTwo
2013-03-06 19:59:25,994 INFO  [pool-1-thread-1] regionserver.HRegion(1050): Closed TestFilter,,1362571165900.42c09c6f74df7836daf82793f659b531.
2013-03-06 19:59:25,994 INFO  [pool-1-thread-1.logSyncer] wal.FSHLog$LogSyncer(998): pool-1-thread-1.logSyncer exiting
2013-03-06 19:59:25,994 DEBUG [pool-1-thread-1] wal.FSHLog(802): closing hlog writer in /Users/daidong/github/local/DominoHBase/hbase-server/target/test-data/a2c0c321-24d1-4354-a09b-49368290fc62/TestFilter/42c09c6f74df7836daf82793f659b531/.logs
2013-03-06 19:59:25,996 DEBUG [pool-1-thread-1] wal.FSHLog(774): Moved 1 log files to /Users/daidong/github/local/DominoHBase/hbase-server/target/test-data/a2c0c321-24d1-4354-a09b-49368290fc62/TestFilter/42c09c6f74df7836daf82793f659b531/.oldlogs
2013-03-06 19:59:26,000 INFO  [pool-1-thread-1] hbase.ResourceChecker(171): after: filter.TestFilter#testRegionScannerReseek Thread=12 (was 12), OpenFileDescriptor=114 (was 114), MaxFileDescriptor=1000000 (was 1000000), ConnectionCount=0 (was 0)
</system-err>
  </testcase>
  <testcase time="0.001" classname="org.apache.hadoop.hbase.filter.TestFilter" name="testNoFilter">
    <error type="java.lang.NullPointerException">java.lang.NullPointerException
	at org.apache.hadoop.hbase.trigger.LocalTriggerManage.containsTrigger(LocalTriggerManage.java:39)
	at org.apache.hadoop.hbase.regionserver.wal.WALDetection.checkDispatch(WALDetection.java:27)
	at org.apache.hadoop.hbase.regionserver.wal.FSHLog.doWrite(FSHLog.java:1220)
	at org.apache.hadoop.hbase.regionserver.wal.FSHLog.append(FSHLog.java:915)
	at org.apache.hadoop.hbase.regionserver.wal.FSHLog.appendNoSync(FSHLog.java:937)
	at org.apache.hadoop.hbase.regionserver.HRegion.doMiniBatchMutation(HRegion.java:2261)
	at org.apache.hadoop.hbase.regionserver.HRegion.batchMutate(HRegion.java:2010)
	at org.apache.hadoop.hbase.regionserver.HRegion.doBatchMutate(HRegion.java:2465)
	at org.apache.hadoop.hbase.regionserver.HRegion.delete(HRegion.java:1800)
	at org.apache.hadoop.hbase.filter.TestFilter.setUp(TestFilter.java:182)
	at sun.reflect.NativeMethodAccessorImpl.invoke0(Native Method)
	at sun.reflect.NativeMethodAccessorImpl.invoke(NativeMethodAccessorImpl.java:39)
	at sun.reflect.DelegatingMethodAccessorImpl.invoke(DelegatingMethodAccessorImpl.java:25)
	at java.lang.reflect.Method.invoke(Method.java:597)
	at org.junit.runners.model.FrameworkMethod$1.runReflectiveCall(FrameworkMethod.java:45)
	at org.junit.internal.runners.model.ReflectiveCallable.run(ReflectiveCallable.java:15)
	at org.junit.runners.model.FrameworkMethod.invokeExplosively(FrameworkMethod.java:42)
	at org.junit.internal.runners.statements.RunBefores.evaluate(RunBefores.java:27)
	at org.junit.internal.runners.statements.RunAfters.evaluate(RunAfters.java:30)
	at org.junit.runners.ParentRunner.runLeaf(ParentRunner.java:263)
	at org.junit.runners.BlockJUnit4ClassRunner.runChild(BlockJUnit4ClassRunner.java:68)
	at org.junit.runners.BlockJUnit4ClassRunner.runChild(BlockJUnit4ClassRunner.java:47)
	at org.junit.runners.ParentRunner$3.run(ParentRunner.java:231)
	at org.junit.runners.ParentRunner$1.schedule(ParentRunner.java:60)
	at org.junit.runners.ParentRunner.runChildren(ParentRunner.java:229)
	at org.junit.runners.ParentRunner.access$000(ParentRunner.java:50)
	at org.junit.runners.ParentRunner$2.evaluate(ParentRunner.java:222)
	at org.junit.runners.ParentRunner.run(ParentRunner.java:300)
	at org.junit.runners.Suite.runChild(Suite.java:128)
	at org.junit.runners.Suite.runChild(Suite.java:24)
	at org.junit.runners.ParentRunner$3.run(ParentRunner.java:231)
	at java.util.concurrent.Executors$RunnableAdapter.call(Executors.java:439)
	at java.util.concurrent.FutureTask$Sync.innerRun(FutureTask.java:303)
	at java.util.concurrent.FutureTask.run(FutureTask.java:138)
	at java.util.concurrent.ThreadPoolExecutor$Worker.runTask(ThreadPoolExecutor.java:886)
	at java.util.concurrent.ThreadPoolExecutor$Worker.run(ThreadPoolExecutor.java:908)
	at java.lang.Thread.run(Thread.java:680)
</error>
    <system-err>2013-03-06 19:59:26,001 INFO  [pool-1-thread-1] hbase.ResourceChecker(147): before: filter.TestFilter#testNoFilter Thread=12, OpenFileDescriptor=114, MaxFileDescriptor=1000000, ConnectionCount=0
2013-03-06 19:59:26,003 INFO  [pool-1-thread-1] regionserver.HRegion(3895): creating HRegion TestFilter HTD == &apos;TestFilter&apos;, {NAME =&gt; &apos;f1&apos;, DATA_BLOCK_ENCODING =&gt; &apos;NONE&apos;, BLOOMFILTER =&gt; &apos;NONE&apos;, REPLICATION_SCOPE =&gt; &apos;0&apos;, COMPRESSION =&gt; &apos;NONE&apos;, VERSIONS =&gt; &apos;3&apos;, TTL =&gt; &apos;2147483647&apos;, MIN_VERSIONS =&gt; &apos;0&apos;, KEEP_DELETED_CELLS =&gt; &apos;false&apos;, BLOCKSIZE =&gt; &apos;65536&apos;, ENCODE_ON_DISK =&gt; &apos;true&apos;, IN_MEMORY =&gt; &apos;false&apos;, BLOCKCACHE =&gt; &apos;true&apos;}, {NAME =&gt; &apos;f2&apos;, DATA_BLOCK_ENCODING =&gt; &apos;NONE&apos;, BLOOMFILTER =&gt; &apos;NONE&apos;, REPLICATION_SCOPE =&gt; &apos;0&apos;, COMPRESSION =&gt; &apos;NONE&apos;, VERSIONS =&gt; &apos;3&apos;, TTL =&gt; &apos;2147483647&apos;, MIN_VERSIONS =&gt; &apos;0&apos;, KEEP_DELETED_CELLS =&gt; &apos;false&apos;, BLOCKSIZE =&gt; &apos;65536&apos;, ENCODE_ON_DISK =&gt; &apos;true&apos;, IN_MEMORY =&gt; &apos;false&apos;, BLOCKCACHE =&gt; &apos;true&apos;}, {NAME =&gt; &apos;testFamilyFour&apos;, DATA_BLOCK_ENCODING =&gt; &apos;NONE&apos;, BLOOMFILTER =&gt; &apos;NONE&apos;, REPLICATION_SCOPE =&gt; &apos;0&apos;, COMPRESSION =&gt; &apos;NONE&apos;, VERSIONS =&gt; &apos;3&apos;, TTL =&gt; &apos;2147483647&apos;, MIN_VERSIONS =&gt; &apos;0&apos;, KEEP_DELETED_CELLS =&gt; &apos;false&apos;, BLOCKSIZE =&gt; &apos;65536&apos;, ENCODE_ON_DISK =&gt; &apos;true&apos;, IN_MEMORY =&gt; &apos;false&apos;, BLOCKCACHE =&gt; &apos;true&apos;}, {NAME =&gt; &apos;testFamilyOne&apos;, DATA_BLOCK_ENCODING =&gt; &apos;NONE&apos;, BLOOMFILTER =&gt; &apos;NONE&apos;, REPLICATION_SCOPE =&gt; &apos;0&apos;, COMPRESSION =&gt; &apos;NONE&apos;, VERSIONS =&gt; &apos;3&apos;, TTL =&gt; &apos;2147483647&apos;, MIN_VERSIONS =&gt; &apos;0&apos;, KEEP_DELETED_CELLS =&gt; &apos;false&apos;, BLOCKSIZE =&gt; &apos;65536&apos;, ENCODE_ON_DISK =&gt; &apos;true&apos;, IN_MEMORY =&gt; &apos;false&apos;, BLOCKCACHE =&gt; &apos;true&apos;}, {NAME =&gt; &apos;testFamilyThree&apos;, DATA_BLOCK_ENCODING =&gt; &apos;NONE&apos;, BLOOMFILTER =&gt; &apos;NONE&apos;, REPLICATION_SCOPE =&gt; &apos;0&apos;, COMPRESSION =&gt; &apos;NONE&apos;, VERSIONS =&gt; &apos;3&apos;, TTL =&gt; &apos;2147483647&apos;, MIN_VERSIONS =&gt; &apos;0&apos;, KEEP_DELETED_CELLS =&gt; &apos;false&apos;, BLOCKSIZE =&gt; &apos;65536&apos;, ENCODE_ON_DISK =&gt; &apos;true&apos;, IN_MEMORY =&gt; &apos;false&apos;, BLOCKCACHE =&gt; &apos;true&apos;}, {NAME =&gt; &apos;testFamilyTwo&apos;, DATA_BLOCK_ENCODING =&gt; &apos;NONE&apos;, BLOOMFILTER =&gt; &apos;NONE&apos;, REPLICATION_SCOPE =&gt; &apos;0&apos;, COMPRESSION =&gt; &apos;NONE&apos;, VERSIONS =&gt; &apos;3&apos;, TTL =&gt; &apos;2147483647&apos;, MIN_VERSIONS =&gt; &apos;0&apos;, KEEP_DELETED_CELLS =&gt; &apos;false&apos;, BLOCKSIZE =&gt; &apos;65536&apos;, ENCODE_ON_DISK =&gt; &apos;true&apos;, IN_MEMORY =&gt; &apos;false&apos;, BLOCKCACHE =&gt; &apos;true&apos;} RootDir = /Users/daidong/github/local/DominoHBase/hbase-server/target/test-data/a2c0c321-24d1-4354-a09b-49368290fc62 Table name == TestFilter
2013-03-06 19:59:26,004 INFO  [pool-1-thread-1] wal.FSHLog(333): HLog configuration: blocksize=32 MB, rollsize=30.4 MB, enabled=true, optionallogflushinternal=1000ms
2013-03-06 19:59:26,011 DEBUG [pool-1-thread-1] wal.SequenceFileLogWriter(189): using new createWriter -- HADOOP-6840
2013-03-06 19:59:26,011 DEBUG [pool-1-thread-1] wal.SequenceFileLogWriter(193): Path=/Users/daidong/github/local/DominoHBase/hbase-server/target/test-data/a2c0c321-24d1-4354-a09b-49368290fc62/TestFilter/32816750887b26f21b751f85c759bca9/.logs/hlog.1362571166005, compression=false
2013-03-06 19:59:26,011 INFO  [pool-1-thread-1] wal.FSHLog(519):  for /Users/daidong/github/local/DominoHBase/hbase-server/target/test-data/a2c0c321-24d1-4354-a09b-49368290fc62/TestFilter/32816750887b26f21b751f85c759bca9/.logs/hlog.1362571166005
2013-03-06 19:59:26,011 INFO  [pool-1-thread-1] wal.FSHLog(409): FileSystem&apos;s output stream doesn&apos;t support getNumCurrentReplicas; --HDFS-826 not available; fsOut=org.apache.hadoop.fs.ChecksumFileSystem$ChecksumFSOutputSummer
2013-03-06 19:59:26,012 DEBUG [pool-1-thread-1] regionserver.HRegion(495): Instantiated TestFilter,,1362571166001.32816750887b26f21b751f85c759bca9.
2013-03-06 19:59:26,013 DEBUG [pool-1-thread-1] util.FSUtils(165): Creating file=/Users/daidong/github/local/DominoHBase/hbase-server/target/test-data/a2c0c321-24d1-4354-a09b-49368290fc62/TestFilter/32816750887b26f21b751f85c759bca9/.tmp/.regioninfo with permission=rwxrwxrwx
2013-03-06 19:59:26,018 INFO  [StoreOpenerThread-TestFilter,,1362571166001.32816750887b26f21b751f85c759bca9.-1] compactions.CompactionConfiguration(97): Compaction configuration size [134217728, 9223372036854775807); files [3, 10); ratio 1.200000; off-peak ratio 5.000000; off-peak hours -1--1; throttle point 2684354560; delete expired; major period 86400000, major jitter 0.200000
2013-03-06 19:59:26,024 INFO  [StoreOpenerThread-TestFilter,,1362571166001.32816750887b26f21b751f85c759bca9.-1] compactions.CompactionConfiguration(97): Compaction configuration size [134217728, 9223372036854775807); files [3, 10); ratio 1.200000; off-peak ratio 5.000000; off-peak hours -1--1; throttle point 2684354560; delete expired; major period 86400000, major jitter 0.200000
2013-03-06 19:59:26,025 INFO  [StoreOpenerThread-TestFilter,,1362571166001.32816750887b26f21b751f85c759bca9.-1] compactions.CompactionConfiguration(97): Compaction configuration size [134217728, 9223372036854775807); files [3, 10); ratio 1.200000; off-peak ratio 5.000000; off-peak hours -1--1; throttle point 2684354560; delete expired; major period 86400000, major jitter 0.200000
2013-03-06 19:59:26,026 INFO  [StoreOpenerThread-TestFilter,,1362571166001.32816750887b26f21b751f85c759bca9.-1] compactions.CompactionConfiguration(97): Compaction configuration size [134217728, 9223372036854775807); files [3, 10); ratio 1.200000; off-peak ratio 5.000000; off-peak hours -1--1; throttle point 2684354560; delete expired; major period 86400000, major jitter 0.200000
2013-03-06 19:59:26,028 INFO  [StoreOpenerThread-TestFilter,,1362571166001.32816750887b26f21b751f85c759bca9.-1] compactions.CompactionConfiguration(97): Compaction configuration size [134217728, 9223372036854775807); files [3, 10); ratio 1.200000; off-peak ratio 5.000000; off-peak hours -1--1; throttle point 2684354560; delete expired; major period 86400000, major jitter 0.200000
2013-03-06 19:59:26,029 INFO  [StoreOpenerThread-TestFilter,,1362571166001.32816750887b26f21b751f85c759bca9.-1] compactions.CompactionConfiguration(97): Compaction configuration size [134217728, 9223372036854775807); files [3, 10); ratio 1.200000; off-peak ratio 5.000000; off-peak hours -1--1; throttle point 2684354560; delete expired; major period 86400000, major jitter 0.200000
2013-03-06 19:59:26,031 INFO  [pool-1-thread-1] regionserver.HRegion(640): Onlined TestFilter,,1362571166001.32816750887b26f21b751f85c759bca9.; next sequenceid=1
2013-03-06 19:59:26,032 INFO  [pool-1-thread-1] regionserver.HRegion(5337): writing data to region TestFilter,,1362571166001.32816750887b26f21b751f85c759bca9. with WAL disabled. Data may be lost in the event of a crash.
2013-03-06 19:59:26,040 DEBUG [pool-1-thread-1] regionserver.HRegion(1497): Started memstore flush for TestFilter,,1362571166001.32816750887b26f21b751f85c759bca9., current region memstore size 6.8k
2013-03-06 19:59:26,041 DEBUG [pool-1-thread-1] regionserver.HRegion(1545): Finished snapshotting TestFilter,,1362571166001.32816750887b26f21b751f85c759bca9., commencing wait for mvcc, flushsize=6912
2013-03-06 19:59:26,041 DEBUG [pool-1-thread-1] regionserver.HRegion(1555): Finished snapshotting, commencing flushing stores
2013-03-06 19:59:26,042 DEBUG [pool-1-thread-1] util.FSUtils(165): Creating file=/Users/daidong/github/local/DominoHBase/hbase-server/target/test-data/a2c0c321-24d1-4354-a09b-49368290fc62/TestFilter/32816750887b26f21b751f85c759bca9/.tmp/cbca2a0b8096482fbe40e1ea8315d255 with permission=rwxrwxrwx
2013-03-06 19:59:26,044 DEBUG [pool-1-thread-1] hfile.HFileWriterV2(141): Initialized with CacheConfig:enabled [cacheDataOnRead=true] [cacheDataOnWrite=false] [cacheIndexesOnWrite=false] [cacheBloomsOnWrite=false] [cacheEvictOnClose=false] [cacheCompressed=false]
2013-03-06 19:59:26,044 INFO  [pool-1-thread-1] regionserver.StoreFile$Writer(1040): Delete Family Bloom filter type for /Users/daidong/github/local/DominoHBase/hbase-server/target/test-data/a2c0c321-24d1-4354-a09b-49368290fc62/TestFilter/32816750887b26f21b751f85c759bca9/.tmp/cbca2a0b8096482fbe40e1ea8315d255: CompoundBloomFilterWriter
2013-03-06 19:59:26,045 INFO  [pool-1-thread-1] regionserver.StoreFile$Writer(1260): NO General Bloom and NO DeleteFamily was added to HFile (/Users/daidong/github/local/DominoHBase/hbase-server/target/test-data/a2c0c321-24d1-4354-a09b-49368290fc62/TestFilter/32816750887b26f21b751f85c759bca9/.tmp/cbca2a0b8096482fbe40e1ea8315d255) 
2013-03-06 19:59:26,045 INFO  [pool-1-thread-1] regionserver.HStore(816): Flushed , sequenceid=1, memsize=3.4k, into tmp file /Users/daidong/github/local/DominoHBase/hbase-server/target/test-data/a2c0c321-24d1-4354-a09b-49368290fc62/TestFilter/32816750887b26f21b751f85c759bca9/.tmp/cbca2a0b8096482fbe40e1ea8315d255
2013-03-06 19:59:26,046 DEBUG [pool-1-thread-1] util.FSUtils(165): Creating file=/Users/daidong/github/local/DominoHBase/hbase-server/target/test-data/a2c0c321-24d1-4354-a09b-49368290fc62/TestFilter/32816750887b26f21b751f85c759bca9/.tmp/a37ba8f2746c4eac9ce955a2d5c2b5b6 with permission=rwxrwxrwx
2013-03-06 19:59:26,150 DEBUG [pool-1-thread-1] hfile.HFileWriterV2(141): Initialized with CacheConfig:enabled [cacheDataOnRead=true] [cacheDataOnWrite=false] [cacheIndexesOnWrite=false] [cacheBloomsOnWrite=false] [cacheEvictOnClose=false] [cacheCompressed=false]
2013-03-06 19:59:26,150 INFO  [pool-1-thread-1] regionserver.StoreFile$Writer(1040): Delete Family Bloom filter type for /Users/daidong/github/local/DominoHBase/hbase-server/target/test-data/a2c0c321-24d1-4354-a09b-49368290fc62/TestFilter/32816750887b26f21b751f85c759bca9/.tmp/a37ba8f2746c4eac9ce955a2d5c2b5b6: CompoundBloomFilterWriter
2013-03-06 19:59:26,151 INFO  [pool-1-thread-1] regionserver.StoreFile$Writer(1260): NO General Bloom and NO DeleteFamily was added to HFile (/Users/daidong/github/local/DominoHBase/hbase-server/target/test-data/a2c0c321-24d1-4354-a09b-49368290fc62/TestFilter/32816750887b26f21b751f85c759bca9/.tmp/a37ba8f2746c4eac9ce955a2d5c2b5b6) 
2013-03-06 19:59:26,151 INFO  [pool-1-thread-1] regionserver.HStore(816): Flushed , sequenceid=1, memsize=3.4k, into tmp file /Users/daidong/github/local/DominoHBase/hbase-server/target/test-data/a2c0c321-24d1-4354-a09b-49368290fc62/TestFilter/32816750887b26f21b751f85c759bca9/.tmp/a37ba8f2746c4eac9ce955a2d5c2b5b6
2013-03-06 19:59:26,154 DEBUG [pool-1-thread-1] regionserver.HStore(841): Renaming flushed file at /Users/daidong/github/local/DominoHBase/hbase-server/target/test-data/a2c0c321-24d1-4354-a09b-49368290fc62/TestFilter/32816750887b26f21b751f85c759bca9/.tmp/cbca2a0b8096482fbe40e1ea8315d255 to /Users/daidong/github/local/DominoHBase/hbase-server/target/test-data/a2c0c321-24d1-4354-a09b-49368290fc62/TestFilter/32816750887b26f21b751f85c759bca9/testFamilyOne/cbca2a0b8096482fbe40e1ea8315d255
2013-03-06 19:59:26,157 INFO  [pool-1-thread-1] regionserver.HStore(856): Added /Users/daidong/github/local/DominoHBase/hbase-server/target/test-data/a2c0c321-24d1-4354-a09b-49368290fc62/TestFilter/32816750887b26f21b751f85c759bca9/testFamilyOne/cbca2a0b8096482fbe40e1ea8315d255, entries=16, sequenceid=1, filesize=2.0k
2013-03-06 19:59:26,158 DEBUG [pool-1-thread-1] regionserver.HStore(841): Renaming flushed file at /Users/daidong/github/local/DominoHBase/hbase-server/target/test-data/a2c0c321-24d1-4354-a09b-49368290fc62/TestFilter/32816750887b26f21b751f85c759bca9/.tmp/a37ba8f2746c4eac9ce955a2d5c2b5b6 to /Users/daidong/github/local/DominoHBase/hbase-server/target/test-data/a2c0c321-24d1-4354-a09b-49368290fc62/TestFilter/32816750887b26f21b751f85c759bca9/testFamilyTwo/a37ba8f2746c4eac9ce955a2d5c2b5b6
2013-03-06 19:59:26,161 INFO  [pool-1-thread-1] regionserver.HStore(856): Added /Users/daidong/github/local/DominoHBase/hbase-server/target/test-data/a2c0c321-24d1-4354-a09b-49368290fc62/TestFilter/32816750887b26f21b751f85c759bca9/testFamilyTwo/a37ba8f2746c4eac9ce955a2d5c2b5b6, entries=16, sequenceid=1, filesize=2.0k
2013-03-06 19:59:26,162 INFO  [pool-1-thread-1] regionserver.HRegion(1634): Finished memstore flush of ~6.8k/6912, currentsize=0.0/0 for region TestFilter,,1362571166001.32816750887b26f21b751f85c759bca9. in 121ms, sequenceid=1, compaction requested=false
2013-03-06 19:59:26,162 INFO  [pool-1-thread-1] regionserver.HRegion(5337): writing data to region TestFilter,,1362571166001.32816750887b26f21b751f85c759bca9. with WAL disabled. Data may be lost in the event of a crash.
2013-03-06 19:59:26,165 DEBUG [pool-1-thread-1] regionserver.HRegion(2657): rollbackMemstore rolled back 2 keyvalues from start:0 to end:1
2013-03-06 19:59:26,165 DEBUG [pool-1-thread-1] regionserver.HRegion(975): Closing TestFilter,,1362571166001.32816750887b26f21b751f85c759bca9.: disabling compactions &amp; flushes
2013-03-06 19:59:26,165 DEBUG [pool-1-thread-1] regionserver.HRegion(997): Updates disabled for region TestFilter,,1362571166001.32816750887b26f21b751f85c759bca9.
2013-03-06 19:59:26,165 DEBUG [pool-1-thread-1] regionserver.HRegion(1497): Started memstore flush for TestFilter,,1362571166001.32816750887b26f21b751f85c759bca9., current region memstore size 6.8k
2013-03-06 19:59:26,166 DEBUG [pool-1-thread-1] regionserver.HRegion(1545): Finished snapshotting TestFilter,,1362571166001.32816750887b26f21b751f85c759bca9., commencing wait for mvcc, flushsize=6912
2013-03-06 19:59:26,166 DEBUG [pool-1-thread-1] regionserver.HRegion(1555): Finished snapshotting, commencing flushing stores
2013-03-06 19:59:26,166 DEBUG [pool-1-thread-1] util.FSUtils(165): Creating file=/Users/daidong/github/local/DominoHBase/hbase-server/target/test-data/a2c0c321-24d1-4354-a09b-49368290fc62/TestFilter/32816750887b26f21b751f85c759bca9/.tmp/8594afc247c34ae2abbfb3d8d60da412 with permission=rwxrwxrwx
2013-03-06 19:59:26,168 DEBUG [pool-1-thread-1] hfile.HFileWriterV2(141): Initialized with CacheConfig:enabled [cacheDataOnRead=true] [cacheDataOnWrite=false] [cacheIndexesOnWrite=false] [cacheBloomsOnWrite=false] [cacheEvictOnClose=false] [cacheCompressed=false]
2013-03-06 19:59:26,168 INFO  [pool-1-thread-1] regionserver.StoreFile$Writer(1040): Delete Family Bloom filter type for /Users/daidong/github/local/DominoHBase/hbase-server/target/test-data/a2c0c321-24d1-4354-a09b-49368290fc62/TestFilter/32816750887b26f21b751f85c759bca9/.tmp/8594afc247c34ae2abbfb3d8d60da412: CompoundBloomFilterWriter
2013-03-06 19:59:26,169 INFO  [pool-1-thread-1] regionserver.StoreFile$Writer(1260): NO General Bloom and NO DeleteFamily was added to HFile (/Users/daidong/github/local/DominoHBase/hbase-server/target/test-data/a2c0c321-24d1-4354-a09b-49368290fc62/TestFilter/32816750887b26f21b751f85c759bca9/.tmp/8594afc247c34ae2abbfb3d8d60da412) 
2013-03-06 19:59:26,169 INFO  [pool-1-thread-1] regionserver.HStore(816): Flushed , sequenceid=3, memsize=3.4k, into tmp file /Users/daidong/github/local/DominoHBase/hbase-server/target/test-data/a2c0c321-24d1-4354-a09b-49368290fc62/TestFilter/32816750887b26f21b751f85c759bca9/.tmp/8594afc247c34ae2abbfb3d8d60da412
2013-03-06 19:59:26,170 DEBUG [pool-1-thread-1] util.FSUtils(165): Creating file=/Users/daidong/github/local/DominoHBase/hbase-server/target/test-data/a2c0c321-24d1-4354-a09b-49368290fc62/TestFilter/32816750887b26f21b751f85c759bca9/.tmp/62fbb2d0ec234d4cbce422fd2f67dd52 with permission=rwxrwxrwx
2013-03-06 19:59:26,172 DEBUG [pool-1-thread-1] hfile.HFileWriterV2(141): Initialized with CacheConfig:enabled [cacheDataOnRead=true] [cacheDataOnWrite=false] [cacheIndexesOnWrite=false] [cacheBloomsOnWrite=false] [cacheEvictOnClose=false] [cacheCompressed=false]
2013-03-06 19:59:26,172 INFO  [pool-1-thread-1] regionserver.StoreFile$Writer(1040): Delete Family Bloom filter type for /Users/daidong/github/local/DominoHBase/hbase-server/target/test-data/a2c0c321-24d1-4354-a09b-49368290fc62/TestFilter/32816750887b26f21b751f85c759bca9/.tmp/62fbb2d0ec234d4cbce422fd2f67dd52: CompoundBloomFilterWriter
2013-03-06 19:59:26,173 INFO  [pool-1-thread-1] regionserver.StoreFile$Writer(1260): NO General Bloom and NO DeleteFamily was added to HFile (/Users/daidong/github/local/DominoHBase/hbase-server/target/test-data/a2c0c321-24d1-4354-a09b-49368290fc62/TestFilter/32816750887b26f21b751f85c759bca9/.tmp/62fbb2d0ec234d4cbce422fd2f67dd52) 
2013-03-06 19:59:26,173 INFO  [pool-1-thread-1] regionserver.HStore(816): Flushed , sequenceid=3, memsize=3.4k, into tmp file /Users/daidong/github/local/DominoHBase/hbase-server/target/test-data/a2c0c321-24d1-4354-a09b-49368290fc62/TestFilter/32816750887b26f21b751f85c759bca9/.tmp/62fbb2d0ec234d4cbce422fd2f67dd52
2013-03-06 19:59:26,184 DEBUG [pool-1-thread-1] regionserver.HStore(841): Renaming flushed file at /Users/daidong/github/local/DominoHBase/hbase-server/target/test-data/a2c0c321-24d1-4354-a09b-49368290fc62/TestFilter/32816750887b26f21b751f85c759bca9/.tmp/8594afc247c34ae2abbfb3d8d60da412 to /Users/daidong/github/local/DominoHBase/hbase-server/target/test-data/a2c0c321-24d1-4354-a09b-49368290fc62/TestFilter/32816750887b26f21b751f85c759bca9/testFamilyOne/8594afc247c34ae2abbfb3d8d60da412
2013-03-06 19:59:26,186 INFO  [pool-1-thread-1] regionserver.HStore(856): Added /Users/daidong/github/local/DominoHBase/hbase-server/target/test-data/a2c0c321-24d1-4354-a09b-49368290fc62/TestFilter/32816750887b26f21b751f85c759bca9/testFamilyOne/8594afc247c34ae2abbfb3d8d60da412, entries=16, sequenceid=3, filesize=2.0k
2013-03-06 19:59:26,188 DEBUG [pool-1-thread-1] regionserver.HStore(841): Renaming flushed file at /Users/daidong/github/local/DominoHBase/hbase-server/target/test-data/a2c0c321-24d1-4354-a09b-49368290fc62/TestFilter/32816750887b26f21b751f85c759bca9/.tmp/62fbb2d0ec234d4cbce422fd2f67dd52 to /Users/daidong/github/local/DominoHBase/hbase-server/target/test-data/a2c0c321-24d1-4354-a09b-49368290fc62/TestFilter/32816750887b26f21b751f85c759bca9/testFamilyTwo/62fbb2d0ec234d4cbce422fd2f67dd52
2013-03-06 19:59:26,190 INFO  [pool-1-thread-1] regionserver.HStore(856): Added /Users/daidong/github/local/DominoHBase/hbase-server/target/test-data/a2c0c321-24d1-4354-a09b-49368290fc62/TestFilter/32816750887b26f21b751f85c759bca9/testFamilyTwo/62fbb2d0ec234d4cbce422fd2f67dd52, entries=16, sequenceid=3, filesize=2.0k
2013-03-06 19:59:26,191 INFO  [pool-1-thread-1] regionserver.HRegion(1634): Finished memstore flush of ~6.8k/6912, currentsize=0.0/0 for region TestFilter,,1362571166001.32816750887b26f21b751f85c759bca9. in 26ms, sequenceid=3, compaction requested=false
2013-03-06 19:59:26,191 INFO  [StoreCloserThread-TestFilter,,1362571166001.32816750887b26f21b751f85c759bca9.-1] regionserver.HStore(681): Closed f1
2013-03-06 19:59:26,191 INFO  [StoreCloserThread-TestFilter,,1362571166001.32816750887b26f21b751f85c759bca9.-1] regionserver.HStore(681): Closed f2
2013-03-06 19:59:26,192 INFO  [StoreCloserThread-TestFilter,,1362571166001.32816750887b26f21b751f85c759bca9.-1] regionserver.HStore(681): Closed testFamilyFour
2013-03-06 19:59:26,192 INFO  [StoreCloserThread-TestFilter,,1362571166001.32816750887b26f21b751f85c759bca9.-1] regionserver.HStore(681): Closed testFamilyOne
2013-03-06 19:59:26,193 INFO  [StoreCloserThread-TestFilter,,1362571166001.32816750887b26f21b751f85c759bca9.-1] regionserver.HStore(681): Closed testFamilyThree
2013-03-06 19:59:26,193 INFO  [StoreCloserThread-TestFilter,,1362571166001.32816750887b26f21b751f85c759bca9.-1] regionserver.HStore(681): Closed testFamilyTwo
2013-03-06 19:59:26,194 INFO  [pool-1-thread-1] regionserver.HRegion(1050): Closed TestFilter,,1362571166001.32816750887b26f21b751f85c759bca9.
2013-03-06 19:59:26,194 INFO  [pool-1-thread-1.logSyncer] wal.FSHLog$LogSyncer(998): pool-1-thread-1.logSyncer exiting
2013-03-06 19:59:26,194 DEBUG [pool-1-thread-1] wal.FSHLog(802): closing hlog writer in /Users/daidong/github/local/DominoHBase/hbase-server/target/test-data/a2c0c321-24d1-4354-a09b-49368290fc62/TestFilter/32816750887b26f21b751f85c759bca9/.logs
2013-03-06 19:59:26,196 DEBUG [pool-1-thread-1] wal.FSHLog(774): Moved 1 log files to /Users/daidong/github/local/DominoHBase/hbase-server/target/test-data/a2c0c321-24d1-4354-a09b-49368290fc62/TestFilter/32816750887b26f21b751f85c759bca9/.oldlogs
2013-03-06 19:59:26,198 INFO  [pool-1-thread-1] hbase.ResourceChecker(171): after: filter.TestFilter#testNoFilter Thread=12 (was 12), OpenFileDescriptor=114 (was 114), MaxFileDescriptor=1000000 (was 1000000), ConnectionCount=0 (was 0)
</system-err>
  </testcase>
  <testcase time="0" classname="org.apache.hadoop.hbase.filter.TestFilter" name="testPrefixFilter">
    <error type="java.lang.NullPointerException">java.lang.NullPointerException
	at org.apache.hadoop.hbase.trigger.LocalTriggerManage.containsTrigger(LocalTriggerManage.java:39)
	at org.apache.hadoop.hbase.regionserver.wal.WALDetection.checkDispatch(WALDetection.java:27)
	at org.apache.hadoop.hbase.regionserver.wal.FSHLog.doWrite(FSHLog.java:1220)
	at org.apache.hadoop.hbase.regionserver.wal.FSHLog.append(FSHLog.java:915)
	at org.apache.hadoop.hbase.regionserver.wal.FSHLog.appendNoSync(FSHLog.java:937)
	at org.apache.hadoop.hbase.regionserver.HRegion.doMiniBatchMutation(HRegion.java:2261)
	at org.apache.hadoop.hbase.regionserver.HRegion.batchMutate(HRegion.java:2010)
	at org.apache.hadoop.hbase.regionserver.HRegion.doBatchMutate(HRegion.java:2465)
	at org.apache.hadoop.hbase.regionserver.HRegion.delete(HRegion.java:1800)
	at org.apache.hadoop.hbase.filter.TestFilter.setUp(TestFilter.java:182)
	at sun.reflect.NativeMethodAccessorImpl.invoke0(Native Method)
	at sun.reflect.NativeMethodAccessorImpl.invoke(NativeMethodAccessorImpl.java:39)
	at sun.reflect.DelegatingMethodAccessorImpl.invoke(DelegatingMethodAccessorImpl.java:25)
	at java.lang.reflect.Method.invoke(Method.java:597)
	at org.junit.runners.model.FrameworkMethod$1.runReflectiveCall(FrameworkMethod.java:45)
	at org.junit.internal.runners.model.ReflectiveCallable.run(ReflectiveCallable.java:15)
	at org.junit.runners.model.FrameworkMethod.invokeExplosively(FrameworkMethod.java:42)
	at org.junit.internal.runners.statements.RunBefores.evaluate(RunBefores.java:27)
	at org.junit.internal.runners.statements.RunAfters.evaluate(RunAfters.java:30)
	at org.junit.runners.ParentRunner.runLeaf(ParentRunner.java:263)
	at org.junit.runners.BlockJUnit4ClassRunner.runChild(BlockJUnit4ClassRunner.java:68)
	at org.junit.runners.BlockJUnit4ClassRunner.runChild(BlockJUnit4ClassRunner.java:47)
	at org.junit.runners.ParentRunner$3.run(ParentRunner.java:231)
	at org.junit.runners.ParentRunner$1.schedule(ParentRunner.java:60)
	at org.junit.runners.ParentRunner.runChildren(ParentRunner.java:229)
	at org.junit.runners.ParentRunner.access$000(ParentRunner.java:50)
	at org.junit.runners.ParentRunner$2.evaluate(ParentRunner.java:222)
	at org.junit.runners.ParentRunner.run(ParentRunner.java:300)
	at org.junit.runners.Suite.runChild(Suite.java:128)
	at org.junit.runners.Suite.runChild(Suite.java:24)
	at org.junit.runners.ParentRunner$3.run(ParentRunner.java:231)
	at java.util.concurrent.Executors$RunnableAdapter.call(Executors.java:439)
	at java.util.concurrent.FutureTask$Sync.innerRun(FutureTask.java:303)
	at java.util.concurrent.FutureTask.run(FutureTask.java:138)
	at java.util.concurrent.ThreadPoolExecutor$Worker.runTask(ThreadPoolExecutor.java:886)
	at java.util.concurrent.ThreadPoolExecutor$Worker.run(ThreadPoolExecutor.java:908)
	at java.lang.Thread.run(Thread.java:680)
</error>
    <system-err>2013-03-06 19:59:26,199 INFO  [pool-1-thread-1] hbase.ResourceChecker(147): before: filter.TestFilter#testPrefixFilter Thread=12, OpenFileDescriptor=114, MaxFileDescriptor=1000000, ConnectionCount=0
2013-03-06 19:59:26,207 INFO  [pool-1-thread-1] regionserver.HRegion(3895): creating HRegion TestFilter HTD == &apos;TestFilter&apos;, {NAME =&gt; &apos;f1&apos;, DATA_BLOCK_ENCODING =&gt; &apos;NONE&apos;, BLOOMFILTER =&gt; &apos;NONE&apos;, REPLICATION_SCOPE =&gt; &apos;0&apos;, COMPRESSION =&gt; &apos;NONE&apos;, VERSIONS =&gt; &apos;3&apos;, TTL =&gt; &apos;2147483647&apos;, MIN_VERSIONS =&gt; &apos;0&apos;, KEEP_DELETED_CELLS =&gt; &apos;false&apos;, BLOCKSIZE =&gt; &apos;65536&apos;, ENCODE_ON_DISK =&gt; &apos;true&apos;, IN_MEMORY =&gt; &apos;false&apos;, BLOCKCACHE =&gt; &apos;true&apos;}, {NAME =&gt; &apos;f2&apos;, DATA_BLOCK_ENCODING =&gt; &apos;NONE&apos;, BLOOMFILTER =&gt; &apos;NONE&apos;, REPLICATION_SCOPE =&gt; &apos;0&apos;, COMPRESSION =&gt; &apos;NONE&apos;, VERSIONS =&gt; &apos;3&apos;, TTL =&gt; &apos;2147483647&apos;, MIN_VERSIONS =&gt; &apos;0&apos;, KEEP_DELETED_CELLS =&gt; &apos;false&apos;, BLOCKSIZE =&gt; &apos;65536&apos;, ENCODE_ON_DISK =&gt; &apos;true&apos;, IN_MEMORY =&gt; &apos;false&apos;, BLOCKCACHE =&gt; &apos;true&apos;}, {NAME =&gt; &apos;testFamilyFour&apos;, DATA_BLOCK_ENCODING =&gt; &apos;NONE&apos;, BLOOMFILTER =&gt; &apos;NONE&apos;, REPLICATION_SCOPE =&gt; &apos;0&apos;, COMPRESSION =&gt; &apos;NONE&apos;, VERSIONS =&gt; &apos;3&apos;, TTL =&gt; &apos;2147483647&apos;, MIN_VERSIONS =&gt; &apos;0&apos;, KEEP_DELETED_CELLS =&gt; &apos;false&apos;, BLOCKSIZE =&gt; &apos;65536&apos;, ENCODE_ON_DISK =&gt; &apos;true&apos;, IN_MEMORY =&gt; &apos;false&apos;, BLOCKCACHE =&gt; &apos;true&apos;}, {NAME =&gt; &apos;testFamilyOne&apos;, DATA_BLOCK_ENCODING =&gt; &apos;NONE&apos;, BLOOMFILTER =&gt; &apos;NONE&apos;, REPLICATION_SCOPE =&gt; &apos;0&apos;, COMPRESSION =&gt; &apos;NONE&apos;, VERSIONS =&gt; &apos;3&apos;, TTL =&gt; &apos;2147483647&apos;, MIN_VERSIONS =&gt; &apos;0&apos;, KEEP_DELETED_CELLS =&gt; &apos;false&apos;, BLOCKSIZE =&gt; &apos;65536&apos;, ENCODE_ON_DISK =&gt; &apos;true&apos;, IN_MEMORY =&gt; &apos;false&apos;, BLOCKCACHE =&gt; &apos;true&apos;}, {NAME =&gt; &apos;testFamilyThree&apos;, DATA_BLOCK_ENCODING =&gt; &apos;NONE&apos;, BLOOMFILTER =&gt; &apos;NONE&apos;, REPLICATION_SCOPE =&gt; &apos;0&apos;, COMPRESSION =&gt; &apos;NONE&apos;, VERSIONS =&gt; &apos;3&apos;, TTL =&gt; &apos;2147483647&apos;, MIN_VERSIONS =&gt; &apos;0&apos;, KEEP_DELETED_CELLS =&gt; &apos;false&apos;, BLOCKSIZE =&gt; &apos;65536&apos;, ENCODE_ON_DISK =&gt; &apos;true&apos;, IN_MEMORY =&gt; &apos;false&apos;, BLOCKCACHE =&gt; &apos;true&apos;}, {NAME =&gt; &apos;testFamilyTwo&apos;, DATA_BLOCK_ENCODING =&gt; &apos;NONE&apos;, BLOOMFILTER =&gt; &apos;NONE&apos;, REPLICATION_SCOPE =&gt; &apos;0&apos;, COMPRESSION =&gt; &apos;NONE&apos;, VERSIONS =&gt; &apos;3&apos;, TTL =&gt; &apos;2147483647&apos;, MIN_VERSIONS =&gt; &apos;0&apos;, KEEP_DELETED_CELLS =&gt; &apos;false&apos;, BLOCKSIZE =&gt;
[...]
 =&gt; &apos;65536&apos;, ENCODE_ON_DISK =&gt; &apos;true&apos;, IN_MEMORY =&gt; &apos;false&apos;, BLOCKCACHE =&gt; &apos;true&apos;}, {NAME =&gt; &apos;testFamilyFour&apos;, DATA_BLOCK_ENCODING =&gt; &apos;NONE&apos;, BLOOMFILTER =&gt; &apos;NONE&apos;, REPLICATION_SCOPE =&gt; &apos;0&apos;, COMPRESSION =&gt; &apos;NONE&apos;, VERSIONS =&gt; &apos;3&apos;, TTL =&gt; &apos;2147483647&apos;, MIN_VERSIONS =&gt; &apos;0&apos;, KEEP_DELETED_CELLS =&gt; &apos;false&apos;, BLOCKSIZE =&gt; &apos;65536&apos;, ENCODE_ON_DISK =&gt; &apos;true&apos;, IN_MEMORY =&gt; &apos;false&apos;, BLOCKCACHE =&gt; &apos;true&apos;}, {NAME =&gt; &apos;testFamilyOne&apos;, DATA_BLOCK_ENCODING =&gt; &apos;NONE&apos;, BLOOMFILTER =&gt; &apos;NONE&apos;, REPLICATION_SCOPE =&gt; &apos;0&apos;, COMPRESSION =&gt; &apos;NONE&apos;, VERSIONS =&gt; &apos;3&apos;, TTL =&gt; &apos;2147483647&apos;, MIN_VERSIONS =&gt; &apos;0&apos;, KEEP_DELETED_CELLS =&gt; &apos;false&apos;, BLOCKSIZE =&gt; &apos;65536&apos;, ENCODE_ON_DISK =&gt; &apos;true&apos;, IN_MEMORY =&gt; &apos;false&apos;, BLOCKCACHE =&gt; &apos;true&apos;}, {NAME =&gt; &apos;testFamilyThree&apos;, DATA_BLOCK_ENCODING =&gt; &apos;NONE&apos;, BLOOMFILTER =&gt; &apos;NONE&apos;, REPLICATION_SCOPE =&gt; &apos;0&apos;, COMPRESSION =&gt; &apos;NONE&apos;, VERSIONS =&gt; &apos;3&apos;, TTL =&gt; &apos;2147483647&apos;, MIN_VERSIONS =&gt; &apos;0&apos;, KEEP_DELETED_CELLS =&gt; &apos;false&apos;, BLOCKSIZE =&gt; &apos;65536&apos;, ENCODE_ON_DISK =&gt; &apos;true&apos;, IN_MEMORY =&gt; &apos;false&apos;, BLOCKCACHE =&gt; &apos;true&apos;}, {NAME =&gt; &apos;testFamilyTwo&apos;, DATA_BLOCK_ENCODING =&gt; &apos;NONE&apos;, BLOOMFILTER =&gt; &apos;NONE&apos;, REPLICATION_SCOPE =&gt; &apos;0&apos;, COMPRESSION =&gt; &apos;NONE&apos;, VERSIONS =&gt; &apos;3&apos;, TTL =&gt; &apos;2147483647&apos;, MIN_VERSIONS =&gt; &apos;0&apos;, KEEP_DELETED_CELLS =&gt; &apos;false&apos;, BLOCKSIZE =&gt; &apos;65536&apos;, ENCODE_ON_DISK =&gt; &apos;true&apos;, IN_MEMORY =&gt; &apos;false&apos;, BLOCKCACHE =&gt; &apos;true&apos;} RootDir = /Users/daidong/github/local/DominoHBase/hbase-server/target/test-data/a2c0c321-24d1-4354-a09b-49368290fc62 Table name == TestFilter
2013-03-06 19:59:28,766 INFO  [pool-1-thread-1] wal.FSHLog(333): HLog configuration: blocksize=32 MB, rollsize=30.4 MB, enabled=true, optionallogflushinternal=1000ms
2013-03-06 19:59:28,768 DEBUG [pool-1-thread-1] wal.SequenceFileLogWriter(189): using new createWriter -- HADOOP-6840
2013-03-06 19:59:28,768 DEBUG [pool-1-thread-1] wal.SequenceFileLogWriter(193): Path=/Users/daidong/github/local/DominoHBase/hbase-server/target/test-data/a2c0c321-24d1-4354-a09b-49368290fc62/TestFilter/9b64205deb6d59663661fe894d0d062c/.logs/hlog.1362571168767, compression=false
2013-03-06 19:59:28,768 INFO  [pool-1-thread-1] wal.FSHLog(519):  for /Users/daidong/github/local/DominoHBase/hbase-server/target/test-data/a2c0c321-24d1-4354-a09b-49368290fc62/TestFilter/9b64205deb6d59663661fe894d0d062c/.logs/hlog.1362571168767
2013-03-06 19:59:28,769 INFO  [pool-1-thread-1] wal.FSHLog(409): FileSystem&apos;s output stream doesn&apos;t support getNumCurrentReplicas; --HDFS-826 not available; fsOut=org.apache.hadoop.fs.ChecksumFileSystem$ChecksumFSOutputSummer
2013-03-06 19:59:28,772 DEBUG [pool-1-thread-1] regionserver.HRegion(495): Instantiated TestFilter,,1362571168764.9b64205deb6d59663661fe894d0d062c.
2013-03-06 19:59:28,772 DEBUG [pool-1-thread-1] util.FSUtils(165): Creating file=/Users/daidong/github/local/DominoHBase/hbase-server/target/test-data/a2c0c321-24d1-4354-a09b-49368290fc62/TestFilter/9b64205deb6d59663661fe894d0d062c/.tmp/.regioninfo with permission=rwxrwxrwx
2013-03-06 19:59:28,776 INFO  [StoreOpenerThread-TestFilter,,1362571168764.9b64205deb6d59663661fe894d0d062c.-1] compactions.CompactionConfiguration(97): Compaction configuration size [134217728, 9223372036854775807); files [3, 10); ratio 1.200000; off-peak ratio 5.000000; off-peak hours -1--1; throttle point 2684354560; delete expired; major period 86400000, major jitter 0.200000
2013-03-06 19:59:28,778 INFO  [StoreOpenerThread-TestFilter,,1362571168764.9b64205deb6d59663661fe894d0d062c.-1] compactions.CompactionConfiguration(97): Compaction configuration size [134217728, 9223372036854775807); files [3, 10); ratio 1.200000; off-peak ratio 5.000000; off-peak hours -1--1; throttle point 2684354560; delete expired; major period 86400000, major jitter 0.200000
2013-03-06 19:59:28,781 INFO  [StoreOpenerThread-TestFilter,,1362571168764.9b64205deb6d59663661fe894d0d062c.-1] compactions.CompactionConfiguration(97): Compaction configuration size [134217728, 9223372036854775807); files [3, 10); ratio 1.200000; off-peak ratio 5.000000; off-peak hours -1--1; throttle point 2684354560; delete expired; major period 86400000, major jitter 0.200000
2013-03-06 19:59:28,782 INFO  [StoreOpenerThread-TestFilter,,1362571168764.9b64205deb6d59663661fe894d0d062c.-1] compactions.CompactionConfiguration(97): Compaction configuration size [134217728, 9223372036854775807); files [3, 10); ratio 1.200000; off-peak ratio 5.000000; off-peak hours -1--1; throttle point 2684354560; delete expired; major period 86400000, major jitter 0.200000
2013-03-06 19:59:28,783 INFO  [StoreOpenerThread-TestFilter,,1362571168764.9b64205deb6d59663661fe894d0d062c.-1] compactions.CompactionConfiguration(97): Compaction configuration size [134217728, 9223372036854775807); files [3, 10); ratio 1.200000; off-peak ratio 5.000000; off-peak hours -1--1; throttle point 2684354560; delete expired; major period 86400000, major jitter 0.200000
2013-03-06 19:59:28,784 INFO  [StoreOpenerThread-TestFilter,,1362571168764.9b64205deb6d59663661fe894d0d062c.-1] compactions.CompactionConfiguration(97): Compaction configuration size [134217728, 9223372036854775807); files [3, 10); ratio 1.200000; off-peak ratio 5.000000; off-peak hours -1--1; throttle point 2684354560; delete expired; major period 86400000, major jitter 0.200000
2013-03-06 19:59:28,785 INFO  [pool-1-thread-1] regionserver.HRegion(640): Onlined TestFilter,,1362571168764.9b64205deb6d59663661fe894d0d062c.; next sequenceid=1
2013-03-06 19:59:28,785 INFO  [pool-1-thread-1] regionserver.HRegion(5337): writing data to region TestFilter,,1362571168764.9b64205deb6d59663661fe894d0d062c. with WAL disabled. Data may be lost in the event of a crash.
2013-03-06 19:59:28,793 DEBUG [pool-1-thread-1] regionserver.HRegion(1497): Started memstore flush for TestFilter,,1362571168764.9b64205deb6d59663661fe894d0d062c., current region memstore size 6.8k
2013-03-06 19:59:28,793 DEBUG [pool-1-thread-1] regionserver.HRegion(1545): Finished snapshotting TestFilter,,1362571168764.9b64205deb6d59663661fe894d0d062c., commencing wait for mvcc, flushsize=6912
2013-03-06 19:59:28,793 DEBUG [pool-1-thread-1] regionserver.HRegion(1555): Finished snapshotting, commencing flushing stores
2013-03-06 19:59:28,794 DEBUG [pool-1-thread-1] util.FSUtils(165): Creating file=/Users/daidong/github/local/DominoHBase/hbase-server/target/test-data/a2c0c321-24d1-4354-a09b-49368290fc62/TestFilter/9b64205deb6d59663661fe894d0d062c/.tmp/0e30fbf1a06347fc96af8962c267720a with permission=rwxrwxrwx
2013-03-06 19:59:28,796 DEBUG [pool-1-thread-1] hfile.HFileWriterV2(141): Initialized with CacheConfig:enabled [cacheDataOnRead=true] [cacheDataOnWrite=false] [cacheIndexesOnWrite=false] [cacheBloomsOnWrite=false] [cacheEvictOnClose=false] [cacheCompressed=false]
2013-03-06 19:59:28,796 INFO  [pool-1-thread-1] regionserver.StoreFile$Writer(1040): Delete Family Bloom filter type for /Users/daidong/github/local/DominoHBase/hbase-server/target/test-data/a2c0c321-24d1-4354-a09b-49368290fc62/TestFilter/9b64205deb6d59663661fe894d0d062c/.tmp/0e30fbf1a06347fc96af8962c267720a: CompoundBloomFilterWriter
2013-03-06 19:59:28,797 INFO  [pool-1-thread-1] regionserver.StoreFile$Writer(1260): NO General Bloom and NO DeleteFamily was added to HFile (/Users/daidong/github/local/DominoHBase/hbase-server/target/test-data/a2c0c321-24d1-4354-a09b-49368290fc62/TestFilter/9b64205deb6d59663661fe894d0d062c/.tmp/0e30fbf1a06347fc96af8962c267720a) 
2013-03-06 19:59:28,797 INFO  [pool-1-thread-1] regionserver.HStore(816): Flushed , sequenceid=1, memsize=3.4k, into tmp file /Users/daidong/github/local/DominoHBase/hbase-server/target/test-data/a2c0c321-24d1-4354-a09b-49368290fc62/TestFilter/9b64205deb6d59663661fe894d0d062c/.tmp/0e30fbf1a06347fc96af8962c267720a
2013-03-06 19:59:28,798 DEBUG [pool-1-thread-1] util.FSUtils(165): Creating file=/Users/daidong/github/local/DominoHBase/hbase-server/target/test-data/a2c0c321-24d1-4354-a09b-49368290fc62/TestFilter/9b64205deb6d59663661fe894d0d062c/.tmp/b34108029ee44a74a63a48e191859104 with permission=rwxrwxrwx
2013-03-06 19:59:28,799 DEBUG [pool-1-thread-1] hfile.HFileWriterV2(141): Initialized with CacheConfig:enabled [cacheDataOnRead=true] [cacheDataOnWrite=false] [cacheIndexesOnWrite=false] [cacheBloomsOnWrite=false] [cacheEvictOnClose=false] [cacheCompressed=false]
2013-03-06 19:59:28,799 INFO  [pool-1-thread-1] regionserver.StoreFile$Writer(1040): Delete Family Bloom filter type for /Users/daidong/github/local/DominoHBase/hbase-server/target/test-data/a2c0c321-24d1-4354-a09b-49368290fc62/TestFilter/9b64205deb6d59663661fe894d0d062c/.tmp/b34108029ee44a74a63a48e191859104: CompoundBloomFilterWriter
2013-03-06 19:59:28,800 INFO  [pool-1-thread-1] regionserver.StoreFile$Writer(1260): NO General Bloom and NO DeleteFamily was added to HFile (/Users/daidong/github/local/DominoHBase/hbase-server/target/test-data/a2c0c321-24d1-4354-a09b-49368290fc62/TestFilter/9b64205deb6d59663661fe894d0d062c/.tmp/b34108029ee44a74a63a48e191859104) 
2013-03-06 19:59:28,800 INFO  [pool-1-thread-1] regionserver.HStore(816): Flushed , sequenceid=1, memsize=3.4k, into tmp file /Users/daidong/github/local/DominoHBase/hbase-server/target/test-data/a2c0c321-24d1-4354-a09b-49368290fc62/TestFilter/9b64205deb6d59663661fe894d0d062c/.tmp/b34108029ee44a74a63a48e191859104
2013-03-06 19:59:28,802 DEBUG [pool-1-thread-1] regionserver.HStore(841): Renaming flushed file at /Users/daidong/github/local/DominoHBase/hbase-server/target/test-data/a2c0c321-24d1-4354-a09b-49368290fc62/TestFilter/9b64205deb6d59663661fe894d0d062c/.tmp/0e30fbf1a06347fc96af8962c267720a to /Users/daidong/github/local/DominoHBase/hbase-server/target/test-data/a2c0c321-24d1-4354-a09b-49368290fc62/TestFilter/9b64205deb6d59663661fe894d0d062c/testFamilyOne/0e30fbf1a06347fc96af8962c267720a
2013-03-06 19:59:28,805 INFO  [pool-1-thread-1] regionserver.HStore(856): Added /Users/daidong/github/local/DominoHBase/hbase-server/target/test-data/a2c0c321-24d1-4354-a09b-49368290fc62/TestFilter/9b64205deb6d59663661fe894d0d062c/testFamilyOne/0e30fbf1a06347fc96af8962c267720a, entries=16, sequenceid=1, filesize=2.0k
2013-03-06 19:59:28,807 DEBUG [pool-1-thread-1] regionserver.HStore(841): Renaming flushed file at /Users/daidong/github/local/DominoHBase/hbase-server/target/test-data/a2c0c321-24d1-4354-a09b-49368290fc62/TestFilter/9b64205deb6d59663661fe894d0d062c/.tmp/b34108029ee44a74a63a48e191859104 to /Users/daidong/github/local/DominoHBase/hbase-server/target/test-data/a2c0c321-24d1-4354-a09b-49368290fc62/TestFilter/9b64205deb6d59663661fe894d0d062c/testFamilyTwo/b34108029ee44a74a63a48e191859104
2013-03-06 19:59:28,809 INFO  [pool-1-thread-1] regionserver.HStore(856): Added /Users/daidong/github/local/DominoHBase/hbase-server/target/test-data/a2c0c321-24d1-4354-a09b-49368290fc62/TestFilter/9b64205deb6d59663661fe894d0d062c/testFamilyTwo/b34108029ee44a74a63a48e191859104, entries=16, sequenceid=1, filesize=2.0k
2013-03-06 19:59:28,809 INFO  [pool-1-thread-1] regionserver.HRegion(1634): Finished memstore flush of ~6.8k/6912, currentsize=0.0/0 for region TestFilter,,1362571168764.9b64205deb6d59663661fe894d0d062c. in 16ms, sequenceid=1, compaction requested=false
2013-03-06 19:59:28,810 INFO  [pool-1-thread-1] regionserver.HRegion(5337): writing data to region TestFilter,,1362571168764.9b64205deb6d59663661fe894d0d062c. with WAL disabled. Data may be lost in the event of a crash.
2013-03-06 19:59:28,812 DEBUG [pool-1-thread-1] regionserver.HRegion(2657): rollbackMemstore rolled back 2 keyvalues from start:0 to end:1
2013-03-06 19:59:28,813 DEBUG [pool-1-thread-1] regionserver.HRegion(975): Closing TestFilter,,1362571168764.9b64205deb6d59663661fe894d0d062c.: disabling compactions &amp; flushes
2013-03-06 19:59:28,813 DEBUG [pool-1-thread-1] regionserver.HRegion(997): Updates disabled for region TestFilter,,1362571168764.9b64205deb6d59663661fe894d0d062c.
2013-03-06 19:59:28,813 DEBUG [pool-1-thread-1] regionserver.HRegion(1497): Started memstore flush for TestFilter,,1362571168764.9b64205deb6d59663661fe894d0d062c., current region memstore size 6.8k
2013-03-06 19:59:28,813 DEBUG [pool-1-thread-1] regionserver.HRegion(1545): Finished snapshotting TestFilter,,1362571168764.9b64205deb6d59663661fe894d0d062c., commencing wait for mvcc, flushsize=6912
2013-03-06 19:59:28,813 DEBUG [pool-1-thread-1] regionserver.HRegion(1555): Finished snapshotting, commencing flushing stores
2013-03-06 19:59:28,814 DEBUG [pool-1-thread-1] util.FSUtils(165): Creating file=/Users/daidong/github/local/DominoHBase/hbase-server/target/test-data/a2c0c321-24d1-4354-a09b-49368290fc62/TestFilter/9b64205deb6d59663661fe894d0d062c/.tmp/85ac1593dfbf4771a820e9ccf0377257 with permission=rwxrwxrwx
2013-03-06 19:59:28,815 DEBUG [pool-1-thread-1] hfile.HFileWriterV2(141): Initialized with CacheConfig:enabled [cacheDataOnRead=true] [cacheDataOnWrite=false] [cacheIndexesOnWrite=false] [cacheBloomsOnWrite=false] [cacheEvictOnClose=false] [cacheCompressed=false]
2013-03-06 19:59:28,815 INFO  [pool-1-thread-1] regionserver.StoreFile$Writer(1040): Delete Family Bloom filter type for /Users/daidong/github/local/DominoHBase/hbase-server/target/test-data/a2c0c321-24d1-4354-a09b-49368290fc62/TestFilter/9b64205deb6d59663661fe894d0d062c/.tmp/85ac1593dfbf4771a820e9ccf0377257: CompoundBloomFilterWriter
2013-03-06 19:59:28,816 INFO  [pool-1-thread-1] regionserver.StoreFile$Writer(1260): NO General Bloom and NO DeleteFamily was added to HFile (/Users/daidong/github/local/DominoHBase/hbase-server/target/test-data/a2c0c321-24d1-4354-a09b-49368290fc62/TestFilter/9b64205deb6d59663661fe894d0d062c/.tmp/85ac1593dfbf4771a820e9ccf0377257) 
2013-03-06 19:59:28,817 INFO  [pool-1-thread-1] regionserver.HStore(816): Flushed , sequenceid=3, memsize=3.4k, into tmp file /Users/daidong/github/local/DominoHBase/hbase-server/target/test-data/a2c0c321-24d1-4354-a09b-49368290fc62/TestFilter/9b64205deb6d59663661fe894d0d062c/.tmp/85ac1593dfbf4771a820e9ccf0377257
2013-03-06 19:59:28,817 DEBUG [pool-1-thread-1] util.FSUtils(165): Creating file=/Users/daidong/github/local/DominoHBase/hbase-server/target/test-data/a2c0c321-24d1-4354-a09b-49368290fc62/TestFilter/9b64205deb6d59663661fe894d0d062c/.tmp/561fa83a3fa842a7908b81a56ab328f3 with permission=rwxrwxrwx
2013-03-06 19:59:28,819 DEBUG [pool-1-thread-1] hfile.HFileWriterV2(141): Initialized with CacheConfig:enabled [cacheDataOnRead=true] [cacheDataOnWrite=false] [cacheIndexesOnWrite=false] [cacheBloomsOnWrite=false] [cacheEvictOnClose=false] [cacheCompressed=false]
2013-03-06 19:59:28,819 INFO  [pool-1-thread-1] regionserver.StoreFile$Writer(1040): Delete Family Bloom filter type for /Users/daidong/github/local/DominoHBase/hbase-server/target/test-data/a2c0c321-24d1-4354-a09b-49368290fc62/TestFilter/9b64205deb6d59663661fe894d0d062c/.tmp/561fa83a3fa842a7908b81a56ab328f3: CompoundBloomFilterWriter
2013-03-06 19:59:28,820 INFO  [pool-1-thread-1] regionserver.StoreFile$Writer(1260): NO General Bloom and NO DeleteFamily was added to HFile (/Users/daidong/github/local/DominoHBase/hbase-server/target/test-data/a2c0c321-24d1-4354-a09b-49368290fc62/TestFilter/9b64205deb6d59663661fe894d0d062c/.tmp/561fa83a3fa842a7908b81a56ab328f3) 
2013-03-06 19:59:28,820 INFO  [pool-1-thread-1] regionserver.HStore(816): Flushed , sequenceid=3, memsize=3.4k, into tmp file /Users/daidong/github/local/DominoHBase/hbase-server/target/test-data/a2c0c321-24d1-4354-a09b-49368290fc62/TestFilter/9b64205deb6d59663661fe894d0d062c/.tmp/561fa83a3fa842a7908b81a56ab328f3
2013-03-06 19:59:28,821 DEBUG [pool-1-thread-1] regionserver.HStore(841): Renaming flushed file at /Users/daidong/github/local/DominoHBase/hbase-server/target/test-data/a2c0c321-24d1-4354-a09b-49368290fc62/TestFilter/9b64205deb6d59663661fe894d0d062c/.tmp/85ac1593dfbf4771a820e9ccf0377257 to /Users/daidong/github/local/DominoHBase/hbase-server/target/test-data/a2c0c321-24d1-4354-a09b-49368290fc62/TestFilter/9b64205deb6d59663661fe894d0d062c/testFamilyOne/85ac1593dfbf4771a820e9ccf0377257
2013-03-06 19:59:28,824 INFO  [pool-1-thread-1] regionserver.HStore(856): Added /Users/daidong/github/local/DominoHBase/hbase-server/target/test-data/a2c0c321-24d1-4354-a09b-49368290fc62/TestFilter/9b64205deb6d59663661fe894d0d062c/testFamilyOne/85ac1593dfbf4771a820e9ccf0377257, entries=16, sequenceid=3, filesize=2.0k
2013-03-06 19:59:28,825 DEBUG [pool-1-thread-1] regionserver.HStore(841): Renaming flushed file at /Users/daidong/github/local/DominoHBase/hbase-server/target/test-data/a2c0c321-24d1-4354-a09b-49368290fc62/TestFilter/9b64205deb6d59663661fe894d0d062c/.tmp/561fa83a3fa842a7908b81a56ab328f3 to /Users/daidong/github/local/DominoHBase/hbase-server/target/test-data/a2c0c321-24d1-4354-a09b-49368290fc62/TestFilter/9b64205deb6d59663661fe894d0d062c/testFamilyTwo/561fa83a3fa842a7908b81a56ab328f3
2013-03-06 19:59:28,827 INFO  [pool-1-thread-1] regionserver.HStore(856): Added /Users/daidong/github/local/DominoHBase/hbase-server/target/test-data/a2c0c321-24d1-4354-a09b-49368290fc62/TestFilter/9b64205deb6d59663661fe894d0d062c/testFamilyTwo/561fa83a3fa842a7908b81a56ab328f3, entries=16, sequenceid=3, filesize=2.0k
2013-03-06 19:59:28,827 INFO  [pool-1-thread-1] regionserver.HRegion(1634): Finished memstore flush of ~6.8k/6912, currentsize=0.0/0 for region TestFilter,,1362571168764.9b64205deb6d59663661fe894d0d062c. in 14ms, sequenceid=3, compaction requested=false
2013-03-06 19:59:28,828 INFO  [StoreCloserThread-TestFilter,,1362571168764.9b64205deb6d59663661fe894d0d062c.-1] regionserver.HStore(681): Closed f1
2013-03-06 19:59:28,828 INFO  [StoreCloserThread-TestFilter,,1362571168764.9b64205deb6d59663661fe894d0d062c.-1] regionserver.HStore(681): Closed f2
2013-03-06 19:59:28,828 INFO  [StoreCloserThread-TestFilter,,1362571168764.9b64205deb6d59663661fe894d0d062c.-1] regionserver.HStore(681): Closed testFamilyFour
2013-03-06 19:59:28,829 INFO  [StoreCloserThread-TestFilter,,1362571168764.9b64205deb6d59663661fe894d0d062c.-1] regionserver.HStore(681): Closed testFamilyOne
2013-03-06 19:59:28,829 INFO  [StoreCloserThread-TestFilter,,1362571168764.9b64205deb6d59663661fe894d0d062c.-1] regionserver.HStore(681): Closed testFamilyThree
2013-03-06 19:59:28,830 INFO  [StoreCloserThread-TestFilter,,1362571168764.9b64205deb6d59663661fe894d0d062c.-1] regionserver.HStore(681): Closed testFamilyTwo
2013-03-06 19:59:28,830 INFO  [pool-1-thread-1] regionserver.HRegion(1050): Closed TestFilter,,1362571168764.9b64205deb6d59663661fe894d0d062c.
2013-03-06 19:59:28,830 INFO  [pool-1-thread-1.logSyncer] wal.FSHLog$LogSyncer(998): pool-1-thread-1.logSyncer exiting
2013-03-06 19:59:28,830 DEBUG [pool-1-thread-1] wal.FSHLog(802): closing hlog writer in /Users/daidong/github/local/DominoHBase/hbase-server/target/test-data/a2c0c321-24d1-4354-a09b-49368290fc62/TestFilter/9b64205deb6d59663661fe894d0d062c/.logs
2013-03-06 19:59:28,831 DEBUG [pool-1-thread-1] wal.FSHLog(774): Moved 1 log files to /Users/daidong/github/local/DominoHBase/hbase-server/target/test-data/a2c0c321-24d1-4354-a09b-49368290fc62/TestFilter/9b64205deb6d59663661fe894d0d062c/.oldlogs
2013-03-06 19:59:28,832 INFO  [pool-1-thread-1] hbase.ResourceChecker(171): after: filter.TestFilter#testColumnPaginationFilter Thread=12 (was 12), OpenFileDescriptor=114 (was 114), MaxFileDescriptor=1000000 (was 1000000), ConnectionCount=0 (was 0)
</system-err>
  </testcase>
</testsuite>